{"/Users/Pontus/Documents/Forskning/checklists/express/index.js": {"path":"/Users/Pontus/Documents/Forskning/checklists/express/index.js","statementMap":{"0":{"start":{"line":5,"column":14},"end":{"line":5,"column":44}},"1":{"start":{"line":6,"column":11},"end":{"line":6,"column":31}},"2":{"start":{"line":7,"column":21},"end":{"line":7,"column":57}},"3":{"start":{"line":18,"column":23},"end":{"line":24,"column":1}},"4":{"start":{"line":25,"column":22},"end":{"line":25,"column":59}},"5":{"start":{"line":27,"column":14},"end":{"line":27,"column":27}},"6":{"start":{"line":28,"column":14},"end":{"line":28,"column":27}},"7":{"start":{"line":29,"column":16},"end":{"line":29,"column":29}},"8":{"start":{"line":30,"column":12},"end":{"line":30,"column":23}},"9":{"start":{"line":31,"column":12},"end":{"line":31,"column":23}},"10":{"start":{"line":32,"column":13},"end":{"line":32,"column":15}},"11":{"start":{"line":34,"column":16},"end":{"line":34,"column":29}},"12":{"start":{"line":35,"column":13},"end":{"line":35,"column":23}},"13":{"start":{"line":36,"column":23},"end":{"line":36,"column":43}},"14":{"start":{"line":38,"column":16},"end":{"line":38,"column":18}},"15":{"start":{"line":39,"column":19},"end":{"line":39,"column":85}},"16":{"start":{"line":50,"column":2},"end":{"line":56,"column":5}},"17":{"start":{"line":52,"column":6},"end":{"line":52,"column":57}},"18":{"start":{"line":55,"column":6},"end":{"line":55,"column":57}},"19":{"start":{"line":60,"column":2},"end":{"line":60,"column":33}},"20":{"start":{"line":61,"column":2},"end":{"line":61,"column":17}},"21":{"start":{"line":62,"column":2},"end":{"line":62,"column":40}},"22":{"start":{"line":63,"column":19},"end":{"line":63,"column":56}},"23":{"start":{"line":64,"column":20},"end":{"line":64,"column":58}},"24":{"start":{"line":66,"column":2},"end":{"line":69,"column":4}},"25":{"start":{"line":67,"column":4},"end":{"line":67,"column":36}},"26":{"start":{"line":68,"column":4},"end":{"line":68,"column":19}},"27":{"start":{"line":70,"column":2},"end":{"line":73,"column":4}},"28":{"start":{"line":71,"column":4},"end":{"line":71,"column":36}},"29":{"start":{"line":72,"column":4},"end":{"line":72,"column":19}},"30":{"start":{"line":77,"column":18},"end":{"line":77,"column":54}},"31":{"start":{"line":78,"column":2},"end":{"line":82,"column":5}},"32":{"start":{"line":79,"column":4},"end":{"line":81,"column":5}},"33":{"start":{"line":80,"column":6},"end":{"line":80,"column":29}},"34":{"start":{"line":84,"column":0},"end":{"line":84,"column":51}},"35":{"start":{"line":87,"column":2},"end":{"line":87,"column":70}},"36":{"start":{"line":88,"column":2},"end":{"line":88,"column":62}},"37":{"start":{"line":92,"column":2},"end":{"line":92,"column":38}},"38":{"start":{"line":93,"column":2},"end":{"line":93,"column":19}},"39":{"start":{"line":97,"column":2},"end":{"line":102,"column":5}},"40":{"start":{"line":98,"column":4},"end":{"line":101,"column":5}},"41":{"start":{"line":99,"column":6},"end":{"line":99,"column":39}},"42":{"start":{"line":100,"column":6},"end":{"line":100,"column":28}},"43":{"start":{"line":108,"column":2},"end":{"line":108,"column":39}},"44":{"start":{"line":109,"column":2},"end":{"line":109,"column":38}},"45":{"start":{"line":114,"column":15},"end":{"line":114,"column":16}},"46":{"start":{"line":115,"column":20},"end":{"line":115,"column":23}},"47":{"start":{"line":116,"column":19},"end":{"line":116,"column":20}},"48":{"start":{"line":118,"column":2},"end":{"line":118,"column":40}},"49":{"start":{"line":119,"column":2},"end":{"line":133,"column":3}},"50":{"start":{"line":120,"column":4},"end":{"line":132,"column":5}},"51":{"start":{"line":121,"column":6},"end":{"line":121,"column":56}},"52":{"start":{"line":123,"column":9},"end":{"line":132,"column":5}},"53":{"start":{"line":129,"column":6},"end":{"line":129,"column":61}},"54":{"start":{"line":130,"column":6},"end":{"line":130,"column":53}},"55":{"start":{"line":134,"column":2},"end":{"line":134,"column":41}},"56":{"start":{"line":135,"column":2},"end":{"line":135,"column":28}},"57":{"start":{"line":141,"column":14},"end":{"line":141,"column":50}},"58":{"start":{"line":143,"column":13},"end":{"line":143,"column":73}},"59":{"start":{"line":144,"column":2},"end":{"line":144,"column":62}},"60":{"start":{"line":149,"column":2},"end":{"line":152,"column":4}},"61":{"start":{"line":150,"column":21},"end":{"line":150,"column":56}},"62":{"start":{"line":151,"column":4},"end":{"line":151,"column":64}},"63":{"start":{"line":162,"column":2},"end":{"line":162,"column":28}},"64":{"start":{"line":163,"column":2},"end":{"line":163,"column":45}},"65":{"start":{"line":174,"column":2},"end":{"line":174,"column":57}},"66":{"start":{"line":176,"column":2},"end":{"line":176,"column":62}},"67":{"start":{"line":177,"column":2},"end":{"line":177,"column":60}},"68":{"start":{"line":179,"column":2},"end":{"line":179,"column":62}},"69":{"start":{"line":180,"column":2},"end":{"line":180,"column":60}},"70":{"start":{"line":182,"column":2},"end":{"line":182,"column":56}},"71":{"start":{"line":184,"column":2},"end":{"line":189,"column":3}},"72":{"start":{"line":185,"column":4},"end":{"line":185,"column":26}},"73":{"start":{"line":188,"column":4},"end":{"line":188,"column":28}},"74":{"start":{"line":190,"column":2},"end":{"line":190,"column":42}},"75":{"start":{"line":195,"column":2},"end":{"line":195,"column":60}},"76":{"start":{"line":196,"column":4},"end":{"line":196,"column":42}},"77":{"start":{"line":197,"column":4},"end":{"line":197,"column":72}},"78":{"start":{"line":198,"column":4},"end":{"line":198,"column":47}},"79":{"start":{"line":199,"column":15},"end":{"line":199,"column":53}},"80":{"start":{"line":200,"column":4},"end":{"line":200,"column":57}},"81":{"start":{"line":201,"column":4},"end":{"line":201,"column":63}},"82":{"start":{"line":206,"column":4},"end":{"line":206,"column":64}},"83":{"start":{"line":207,"column":4},"end":{"line":207,"column":39}},"84":{"start":{"line":208,"column":13},"end":{"line":208,"column":51}},"85":{"start":{"line":209,"column":4},"end":{"line":209,"column":64}},"86":{"start":{"line":211,"column":4},"end":{"line":219,"column":5}},"87":{"start":{"line":212,"column":20},"end":{"line":212,"column":52}},"88":{"start":{"line":213,"column":21},"end":{"line":213,"column":53}},"89":{"start":{"line":214,"column":15},"end":{"line":214,"column":50}},"90":{"start":{"line":215,"column":6},"end":{"line":215,"column":32}},"91":{"start":{"line":216,"column":6},"end":{"line":216,"column":31}},"92":{"start":{"line":217,"column":6},"end":{"line":217,"column":25}},"93":{"start":{"line":218,"column":6},"end":{"line":218,"column":29}},"94":{"start":{"line":220,"column":23},"end":{"line":220,"column":79}},"95":{"start":{"line":221,"column":4},"end":{"line":221,"column":83}},"96":{"start":{"line":226,"column":2},"end":{"line":226,"column":33}},"97":{"start":{"line":229,"column":17},"end":{"line":229,"column":33}},"98":{"start":{"line":230,"column":2},"end":{"line":232,"column":3}},"99":{"start":{"line":230,"column":15},"end":{"line":230,"column":16}},"100":{"start":{"line":231,"column":6},"end":{"line":231,"column":42}},"101":{"start":{"line":236,"column":2},"end":{"line":236,"column":29}},"102":{"start":{"line":239,"column":17},"end":{"line":239,"column":33}},"103":{"start":{"line":240,"column":2},"end":{"line":242,"column":3}},"104":{"start":{"line":240,"column":15},"end":{"line":240,"column":16}},"105":{"start":{"line":241,"column":6},"end":{"line":241,"column":42}},"106":{"start":{"line":254,"column":2},"end":{"line":260,"column":3}},"107":{"start":{"line":255,"column":4},"end":{"line":255,"column":28}},"108":{"start":{"line":256,"column":4},"end":{"line":256,"column":36}},"109":{"start":{"line":258,"column":4},"end":{"line":258,"column":28}},"110":{"start":{"line":259,"column":4},"end":{"line":259,"column":32}},"111":{"start":{"line":262,"column":2},"end":{"line":278,"column":3}},"112":{"start":{"line":263,"column":4},"end":{"line":263,"column":43}},"113":{"start":{"line":264,"column":4},"end":{"line":264,"column":27}},"114":{"start":{"line":265,"column":4},"end":{"line":277,"column":5}},"115":{"start":{"line":266,"column":6},"end":{"line":266,"column":74}},"116":{"start":{"line":267,"column":6},"end":{"line":267,"column":66}},"117":{"start":{"line":268,"column":6},"end":{"line":268,"column":80}},"118":{"start":{"line":269,"column":6},"end":{"line":269,"column":30}},"119":{"start":{"line":270,"column":6},"end":{"line":270,"column":34}},"120":{"start":{"line":271,"column":6},"end":{"line":271,"column":51}},"121":{"start":{"line":272,"column":6},"end":{"line":272,"column":41}},"122":{"start":{"line":274,"column":6},"end":{"line":274,"column":60}},"123":{"start":{"line":276,"column":6},"end":{"line":276,"column":37}},"124":{"start":{"line":283,"column":2},"end":{"line":283,"column":38}},"125":{"start":{"line":284,"column":2},"end":{"line":284,"column":56}},"126":{"start":{"line":285,"column":2},"end":{"line":285,"column":52}},"127":{"start":{"line":294,"column":2},"end":{"line":294,"column":57}},"128":{"start":{"line":296,"column":19},"end":{"line":296,"column":63}},"129":{"start":{"line":298,"column":11},"end":{"line":298,"column":46}},"130":{"start":{"line":299,"column":2},"end":{"line":299,"column":53}},"131":{"start":{"line":300,"column":2},"end":{"line":300,"column":79}},"132":{"start":{"line":302,"column":2},"end":{"line":302,"column":17}},"133":{"start":{"line":303,"column":2},"end":{"line":303,"column":13}},"134":{"start":{"line":305,"column":2},"end":{"line":330,"column":3}},"135":{"start":{"line":306,"column":13},"end":{"line":306,"column":42}},"136":{"start":{"line":307,"column":4},"end":{"line":307,"column":51}},"137":{"start":{"line":308,"column":4},"end":{"line":308,"column":45}},"138":{"start":{"line":309,"column":4},"end":{"line":309,"column":36}},"139":{"start":{"line":311,"column":4},"end":{"line":311,"column":55}},"140":{"start":{"line":312,"column":4},"end":{"line":312,"column":29}},"141":{"start":{"line":313,"column":4},"end":{"line":313,"column":39}},"142":{"start":{"line":314,"column":4},"end":{"line":314,"column":37}},"143":{"start":{"line":315,"column":4},"end":{"line":315,"column":43}},"144":{"start":{"line":316,"column":4},"end":{"line":322,"column":5}},"145":{"start":{"line":317,"column":6},"end":{"line":317,"column":37}},"146":{"start":{"line":318,"column":6},"end":{"line":321,"column":7}},"147":{"start":{"line":319,"column":8},"end":{"line":319,"column":19}},"148":{"start":{"line":320,"column":8},"end":{"line":320,"column":28}},"149":{"start":{"line":324,"column":4},"end":{"line":327,"column":5}},"150":{"start":{"line":325,"column":6},"end":{"line":325,"column":17}},"151":{"start":{"line":326,"column":8},"end":{"line":326,"column":28}},"152":{"start":{"line":328,"column":4},"end":{"line":328,"column":37}},"153":{"start":{"line":331,"column":2},"end":{"line":333,"column":3}},"154":{"start":{"line":332,"column":4},"end":{"line":332,"column":33}},"155":{"start":{"line":334,"column":2},"end":{"line":339,"column":3}},"156":{"start":{"line":335,"column":4},"end":{"line":338,"column":5}},"157":{"start":{"line":336,"column":6},"end":{"line":336,"column":72}},"158":{"start":{"line":337,"column":6},"end":{"line":337,"column":54}},"159":{"start":{"line":344,"column":2},"end":{"line":344,"column":19}},"160":{"start":{"line":345,"column":2},"end":{"line":345,"column":80}},"161":{"start":{"line":346,"column":2},"end":{"line":346,"column":61}},"162":{"start":{"line":347,"column":2},"end":{"line":347,"column":53}},"163":{"start":{"line":348,"column":2},"end":{"line":348,"column":54}},"164":{"start":{"line":349,"column":2},"end":{"line":349,"column":35}},"165":{"start":{"line":350,"column":2},"end":{"line":350,"column":82}},"166":{"start":{"line":351,"column":2},"end":{"line":351,"column":19}},"167":{"start":{"line":352,"column":2},"end":{"line":352,"column":18}},"168":{"start":{"line":357,"column":14},"end":{"line":357,"column":49}},"169":{"start":{"line":361,"column":23},"end":{"line":361,"column":99}},"170":{"start":{"line":363,"column":2},"end":{"line":363,"column":24}},"171":{"start":{"line":368,"column":22},"end":{"line":368,"column":55}},"172":{"start":{"line":371,"column":14},"end":{"line":371,"column":49}},"173":{"start":{"line":374,"column":2},"end":{"line":380,"column":5}},"174":{"start":{"line":375,"column":6},"end":{"line":379,"column":5}},"175":{"start":{"line":376,"column":6},"end":{"line":378,"column":56}},"176":{"start":{"line":377,"column":8},"end":{"line":377,"column":72}},"177":{"start":{"line":378,"column":8},"end":{"line":378,"column":55}},"178":{"start":{"line":386,"column":24},"end":{"line":386,"column":26}},"179":{"start":{"line":387,"column":19},"end":{"line":387,"column":21}},"180":{"start":{"line":388,"column":0},"end":{"line":388,"column":67}},"181":{"start":{"line":389,"column":0},"end":{"line":389,"column":27}},"182":{"start":{"line":390,"column":0},"end":{"line":390,"column":35}},"183":{"start":{"line":392,"column":0},"end":{"line":413,"column":2}},"184":{"start":{"line":393,"column":2},"end":{"line":393,"column":19}},"185":{"start":{"line":394,"column":2},"end":{"line":394,"column":20}},"186":{"start":{"line":403,"column":2},"end":{"line":412,"column":3}},"187":{"start":{"line":404,"column":4},"end":{"line":404,"column":24}},"188":{"start":{"line":405,"column":28},"end":{"line":405,"column":48}},"189":{"start":{"line":406,"column":15},"end":{"line":406,"column":62}},"190":{"start":{"line":407,"column":4},"end":{"line":407,"column":21}},"191":{"start":{"line":408,"column":4},"end":{"line":411,"column":7}},"192":{"start":{"line":409,"column":8},"end":{"line":409,"column":28}},"193":{"start":{"line":410,"column":10},"end":{"line":410,"column":66}},"194":{"start":{"line":416,"column":2},"end":{"line":416,"column":31}},"195":{"start":{"line":418,"column":21},"end":{"line":418,"column":59}},"196":{"start":{"line":419,"column":2},"end":{"line":419,"column":39}},"197":{"start":{"line":421,"column":2},"end":{"line":421,"column":43}},"198":{"start":{"line":422,"column":2},"end":{"line":422,"column":17}},"199":{"start":{"line":423,"column":2},"end":{"line":423,"column":32}},"200":{"start":{"line":428,"column":4},"end":{"line":432,"column":5}},"201":{"start":{"line":429,"column":8},"end":{"line":429,"column":23}},"202":{"start":{"line":430,"column":26},"end":{"line":430,"column":57}},"203":{"start":{"line":431,"column":8},"end":{"line":431,"column":57}},"204":{"start":{"line":436,"column":4},"end":{"line":440,"column":5}},"205":{"start":{"line":437,"column":8},"end":{"line":437,"column":23}},"206":{"start":{"line":438,"column":26},"end":{"line":438,"column":57}},"207":{"start":{"line":439,"column":8},"end":{"line":439,"column":57}},"208":{"start":{"line":446,"column":27},"end":{"line":446,"column":29}},"209":{"start":{"line":447,"column":2},"end":{"line":456,"column":3}},"210":{"start":{"line":448,"column":4},"end":{"line":450,"column":5}},"211":{"start":{"line":449,"column":6},"end":{"line":449,"column":66}},"212":{"start":{"line":453,"column":4},"end":{"line":455,"column":5}},"213":{"start":{"line":454,"column":8},"end":{"line":454,"column":92}},"214":{"start":{"line":457,"column":2},"end":{"line":457,"column":27}},"215":{"start":{"line":458,"column":25},"end":{"line":458,"column":68}},"216":{"start":{"line":459,"column":2},"end":{"line":459,"column":34}},"217":{"start":{"line":461,"column":2},"end":{"line":475,"column":5}},"218":{"start":{"line":462,"column":21},"end":{"line":462,"column":49}},"219":{"start":{"line":463,"column":6},"end":{"line":463,"column":39}},"220":{"start":{"line":464,"column":6},"end":{"line":464,"column":48}},"221":{"start":{"line":465,"column":6},"end":{"line":465,"column":36}},"222":{"start":{"line":466,"column":6},"end":{"line":473,"column":9}},"223":{"start":{"line":467,"column":10},"end":{"line":467,"column":50}},"224":{"start":{"line":468,"column":10},"end":{"line":472,"column":13}},"225":{"start":{"line":474,"column":6},"end":{"line":474,"column":45}},"226":{"start":{"line":479,"column":25},"end":{"line":479,"column":68}},"227":{"start":{"line":480,"column":18},"end":{"line":480,"column":54}},"228":{"start":{"line":481,"column":2},"end":{"line":481,"column":23}},"229":{"start":{"line":482,"column":2},"end":{"line":482,"column":34}},"230":{"start":{"line":489,"column":20},"end":{"line":489,"column":22}},"231":{"start":{"line":492,"column":2},"end":{"line":531,"column":5}},"232":{"start":{"line":493,"column":18},"end":{"line":493,"column":54}},"233":{"start":{"line":494,"column":21},"end":{"line":494,"column":23}},"234":{"start":{"line":496,"column":6},"end":{"line":521,"column":7}},"235":{"start":{"line":496,"column":19},"end":{"line":496,"column":20}},"236":{"start":{"line":497,"column":21},"end":{"line":497,"column":67}},"237":{"start":{"line":500,"column":24},"end":{"line":518,"column":16}},"238":{"start":{"line":502,"column":18},"end":{"line":504,"column":19}},"239":{"start":{"line":503,"column":22},"end":{"line":503,"column":69}},"240":{"start":{"line":505,"column":18},"end":{"line":505,"column":41}},"241":{"start":{"line":511,"column":18},"end":{"line":511,"column":72}},"242":{"start":{"line":512,"column":18},"end":{"line":512,"column":145}},"243":{"start":{"line":512,"column":74},"end":{"line":512,"column":141}},"244":{"start":{"line":513,"column":18},"end":{"line":513,"column":30}},"245":{"start":{"line":516,"column":18},"end":{"line":516,"column":88}},"246":{"start":{"line":517,"column":18},"end":{"line":517,"column":30}},"247":{"start":{"line":520,"column":10},"end":{"line":520,"column":33}},"248":{"start":{"line":523,"column":6},"end":{"line":530,"column":13}},"249":{"start":{"line":525,"column":14},"end":{"line":525,"column":24}},"250":{"start":{"line":526,"column":14},"end":{"line":526,"column":48}},"251":{"start":{"line":529,"column":14},"end":{"line":529,"column":28}},"252":{"start":{"line":539,"column":0},"end":{"line":539,"column":19}}},"fnMap":{"0":{"name":"run","decl":{"start":{"line":48,"column":15},"end":{"line":48,"column":18}},"loc":{"start":{"line":48,"column":21},"end":{"line":83,"column":1}},"line":48},"1":{"name":"(anonymous_1)","decl":{"start":{"line":51,"column":8},"end":{"line":51,"column":9}},"loc":{"start":{"line":51,"column":14},"end":{"line":53,"column":3}},"line":51},"2":{"name":"(anonymous_2)","decl":{"start":{"line":54,"column":9},"end":{"line":54,"column":10}},"loc":{"start":{"line":54,"column":20},"end":{"line":56,"column":3}},"line":54},"3":{"name":"(anonymous_3)","decl":{"start":{"line":66,"column":39},"end":{"line":66,"column":40}},"loc":{"start":{"line":66,"column":50},"end":{"line":69,"column":3}},"line":66},"4":{"name":"(anonymous_4)","decl":{"start":{"line":70,"column":40},"end":{"line":70,"column":41}},"loc":{"start":{"line":70,"column":51},"end":{"line":73,"column":3}},"line":70},"5":{"name":"(anonymous_5)","decl":{"start":{"line":78,"column":38},"end":{"line":78,"column":39}},"loc":{"start":{"line":78,"column":49},"end":{"line":82,"column":3}},"line":78},"6":{"name":"resetChecklist","decl":{"start":{"line":86,"column":9},"end":{"line":86,"column":23}},"loc":{"start":{"line":86,"column":26},"end":{"line":89,"column":1}},"line":86},"7":{"name":"viewHomePage","decl":{"start":{"line":91,"column":9},"end":{"line":91,"column":21}},"loc":{"start":{"line":91,"column":24},"end":{"line":94,"column":1}},"line":91},"8":{"name":"setMenuItemsOnClickEvents","decl":{"start":{"line":96,"column":9},"end":{"line":96,"column":34}},"loc":{"start":{"line":96,"column":46},"end":{"line":103,"column":1}},"line":96},"9":{"name":"(anonymous_9)","decl":{"start":{"line":97,"column":20},"end":{"line":97,"column":21}},"loc":{"start":{"line":97,"column":40},"end":{"line":102,"column":3}},"line":97},"10":{"name":"(anonymous_10)","decl":{"start":{"line":98,"column":47},"end":{"line":98,"column":48}},"loc":{"start":{"line":98,"column":65},"end":{"line":101,"column":5}},"line":98},"11":{"name":"showMenu","decl":{"start":{"line":107,"column":15},"end":{"line":107,"column":23}},"loc":{"start":{"line":107,"column":41},"end":{"line":110,"column":1}},"line":107},"12":{"name":"createXMLHttpRequest","decl":{"start":{"line":112,"column":15},"end":{"line":112,"column":35}},"loc":{"start":{"line":112,"column":76},"end":{"line":137,"column":1}},"line":112},"13":{"name":"(anonymous_13)","decl":{"start":{"line":119,"column":38},"end":{"line":119,"column":39}},"loc":{"start":{"line":119,"column":50},"end":{"line":133,"column":3}},"line":119},"14":{"name":"readIndexMenu","decl":{"start":{"line":140,"column":15},"end":{"line":140,"column":28}},"loc":{"start":{"line":140,"column":46},"end":{"line":145,"column":1}},"line":140},"15":{"name":"setVisibleSection","decl":{"start":{"line":148,"column":9},"end":{"line":148,"column":26}},"loc":{"start":{"line":148,"column":32},"end":{"line":153,"column":1}},"line":148},"16":{"name":"(anonymous_16)","decl":{"start":{"line":149,"column":24},"end":{"line":149,"column":25}},"loc":{"start":{"line":149,"column":35},"end":{"line":152,"column":3}},"line":149},"17":{"name":"createListFromTextFile","decl":{"start":{"line":161,"column":9},"end":{"line":161,"column":31}},"loc":{"start":{"line":161,"column":38},"end":{"line":164,"column":1}},"line":161},"18":{"name":"createListItem","decl":{"start":{"line":173,"column":9},"end":{"line":173,"column":23}},"loc":{"start":{"line":173,"column":33},"end":{"line":191,"column":1}},"line":173},"19":{"name":"ifImage","decl":{"start":{"line":194,"column":9},"end":{"line":194,"column":16}},"loc":{"start":{"line":194,"column":30},"end":{"line":202,"column":1}},"line":194},"20":{"name":"ifNoImage","decl":{"start":{"line":205,"column":9},"end":{"line":205,"column":18}},"loc":{"start":{"line":205,"column":32},"end":{"line":223,"column":1}},"line":205},"21":{"name":"hideElementAndChildren","decl":{"start":{"line":225,"column":9},"end":{"line":225,"column":31}},"loc":{"start":{"line":225,"column":41},"end":{"line":233,"column":1}},"line":225},"22":{"name":"showElementAndChildren","decl":{"start":{"line":235,"column":9},"end":{"line":235,"column":31}},"loc":{"start":{"line":235,"column":41},"end":{"line":243,"column":1}},"line":235},"23":{"name":"setListItemOnClicks","decl":{"start":{"line":252,"column":9},"end":{"line":252,"column":28}},"loc":{"start":{"line":252,"column":32},"end":{"line":279,"column":1}},"line":252},"24":{"name":"(anonymous_24)","decl":{"start":{"line":254,"column":53},"end":{"line":254,"column":54}},"loc":{"start":{"line":254,"column":70},"end":{"line":260,"column":3}},"line":254},"25":{"name":"(anonymous_25)","decl":{"start":{"line":262,"column":55},"end":{"line":262,"column":56}},"loc":{"start":{"line":262,"column":72},"end":{"line":278,"column":3}},"line":262},"26":{"name":"showChecklist","decl":{"start":{"line":282,"column":9},"end":{"line":282,"column":22}},"loc":{"start":{"line":282,"column":25},"end":{"line":286,"column":1}},"line":282},"27":{"name":"createMenuList","decl":{"start":{"line":293,"column":9},"end":{"line":293,"column":23}},"loc":{"start":{"line":293,"column":50},"end":{"line":340,"column":1}},"line":293},"28":{"name":"(anonymous_28)","decl":{"start":{"line":335,"column":57},"end":{"line":335,"column":58}},"loc":{"start":{"line":335,"column":80},"end":{"line":338,"column":5}},"line":335},"29":{"name":"getChecklistFromInternalLink","decl":{"start":{"line":342,"column":9},"end":{"line":342,"column":37}},"loc":{"start":{"line":342,"column":52},"end":{"line":353,"column":1}},"line":342},"30":{"name":"replaceInternalLinks","decl":{"start":{"line":355,"column":9},"end":{"line":355,"column":29}},"loc":{"start":{"line":355,"column":43},"end":{"line":364,"column":1}},"line":355},"31":{"name":"setOnClickForATags","decl":{"start":{"line":366,"column":9},"end":{"line":366,"column":27}},"loc":{"start":{"line":366,"column":38},"end":{"line":381,"column":1}},"line":366},"32":{"name":"(anonymous_32)","decl":{"start":{"line":374,"column":16},"end":{"line":374,"column":17}},"loc":{"start":{"line":374,"column":31},"end":{"line":380,"column":3}},"line":374},"33":{"name":"(anonymous_33)","decl":{"start":{"line":376,"column":21},"end":{"line":376,"column":22}},"loc":{"start":{"line":376,"column":32},"end":{"line":378,"column":56}},"line":376},"34":{"name":"(anonymous_34)","decl":{"start":{"line":392,"column":20},"end":{"line":392,"column":21}},"loc":{"start":{"line":392,"column":36},"end":{"line":413,"column":1}},"line":392},"35":{"name":"addToHistory","decl":{"start":{"line":415,"column":9},"end":{"line":415,"column":21}},"loc":{"start":{"line":415,"column":40},"end":{"line":424,"column":1}},"line":415},"36":{"name":"navigateBackward","decl":{"start":{"line":427,"column":9},"end":{"line":427,"column":25}},"loc":{"start":{"line":427,"column":28},"end":{"line":433,"column":1}},"line":427},"37":{"name":"navigateForward","decl":{"start":{"line":435,"column":9},"end":{"line":435,"column":24}},"loc":{"start":{"line":435,"column":27},"end":{"line":441,"column":1}},"line":435},"38":{"name":"updateList","decl":{"start":{"line":445,"column":9},"end":{"line":445,"column":19}},"loc":{"start":{"line":445,"column":32},"end":{"line":476,"column":1}},"line":445},"39":{"name":"(anonymous_39)","decl":{"start":{"line":448,"column":46},"end":{"line":448,"column":47}},"loc":{"start":{"line":449,"column":6},"end":{"line":449,"column":66}},"line":449},"40":{"name":"(anonymous_40)","decl":{"start":{"line":453,"column":46},"end":{"line":453,"column":47}},"loc":{"start":{"line":454,"column":8},"end":{"line":454,"column":92}},"line":454},"41":{"name":"(anonymous_41)","decl":{"start":{"line":461,"column":29},"end":{"line":461,"column":30}},"loc":{"start":{"line":461,"column":42},"end":{"line":475,"column":3}},"line":461},"42":{"name":"(anonymous_42)","decl":{"start":{"line":466,"column":41},"end":{"line":466,"column":42}},"loc":{"start":{"line":466,"column":52},"end":{"line":473,"column":7}},"line":466},"43":{"name":"resetSearchList","decl":{"start":{"line":478,"column":9},"end":{"line":478,"column":24}},"loc":{"start":{"line":478,"column":26},"end":{"line":483,"column":1}},"line":478},"44":{"name":"getAllChecklists","decl":{"start":{"line":491,"column":9},"end":{"line":491,"column":25}},"loc":{"start":{"line":491,"column":28},"end":{"line":532,"column":1}},"line":491},"45":{"name":"(anonymous_45)","decl":{"start":{"line":492,"column":21},"end":{"line":492,"column":22}},"loc":{"start":{"line":492,"column":42},"end":{"line":531,"column":3}},"line":492},"46":{"name":"(anonymous_46)","decl":{"start":{"line":501,"column":20},"end":{"line":501,"column":21}},"loc":{"start":{"line":501,"column":32},"end":{"line":506,"column":15}},"line":501},"47":{"name":"(anonymous_47)","decl":{"start":{"line":507,"column":20},"end":{"line":507,"column":21}},"loc":{"start":{"line":507,"column":28},"end":{"line":514,"column":15}},"line":507},"48":{"name":"(anonymous_48)","decl":{"start":{"line":512,"column":67},"end":{"line":512,"column":68}},"loc":{"start":{"line":512,"column":74},"end":{"line":512,"column":141}},"line":512},"49":{"name":"(anonymous_49)","decl":{"start":{"line":515,"column":21},"end":{"line":515,"column":22}},"loc":{"start":{"line":515,"column":30},"end":{"line":518,"column":15}},"line":515},"50":{"name":"(anonymous_50)","decl":{"start":{"line":524,"column":16},"end":{"line":524,"column":17}},"loc":{"start":{"line":524,"column":22},"end":{"line":527,"column":11}},"line":524},"51":{"name":"(anonymous_51)","decl":{"start":{"line":528,"column":17},"end":{"line":528,"column":18}},"loc":{"start":{"line":528,"column":28},"end":{"line":530,"column":11}},"line":528}},"branchMap":{"0":{"loc":{"start":{"line":79,"column":4},"end":{"line":81,"column":5}},"type":"if","locations":[{"start":{"line":79,"column":4},"end":{"line":81,"column":5}},{"start":{"line":79,"column":4},"end":{"line":81,"column":5}}],"line":79},"1":{"loc":{"start":{"line":120,"column":4},"end":{"line":132,"column":5}},"type":"if","locations":[{"start":{"line":120,"column":4},"end":{"line":132,"column":5}},{"start":{"line":120,"column":4},"end":{"line":132,"column":5}}],"line":120},"2":{"loc":{"start":{"line":120,"column":8},"end":{"line":120,"column":81}},"type":"binary-expr","locations":[{"start":{"line":120,"column":8},"end":{"line":120,"column":42}},{"start":{"line":120,"column":46},"end":{"line":120,"column":81}}],"line":120},"3":{"loc":{"start":{"line":123,"column":9},"end":{"line":132,"column":5}},"type":"if","locations":[{"start":{"line":123,"column":9},"end":{"line":132,"column":5}},{"start":{"line":123,"column":9},"end":{"line":132,"column":5}}],"line":123},"4":{"loc":{"start":{"line":123,"column":13},"end":{"line":123,"column":85}},"type":"binary-expr","locations":[{"start":{"line":123,"column":13},"end":{"line":123,"column":47}},{"start":{"line":123,"column":51},"end":{"line":123,"column":85}}],"line":123},"5":{"loc":{"start":{"line":150,"column":21},"end":{"line":150,"column":56}},"type":"cond-expr","locations":[{"start":{"line":150,"column":40},"end":{"line":150,"column":47}},{"start":{"line":150,"column":50},"end":{"line":150,"column":56}}],"line":150},"6":{"loc":{"start":{"line":184,"column":2},"end":{"line":189,"column":3}},"type":"if","locations":[{"start":{"line":184,"column":2},"end":{"line":189,"column":3}},{"start":{"line":184,"column":2},"end":{"line":189,"column":3}}],"line":184},"7":{"loc":{"start":{"line":265,"column":4},"end":{"line":277,"column":5}},"type":"if","locations":[{"start":{"line":265,"column":4},"end":{"line":277,"column":5}},{"start":{"line":265,"column":4},"end":{"line":277,"column":5}}],"line":265},"8":{"loc":{"start":{"line":316,"column":4},"end":{"line":322,"column":5}},"type":"if","locations":[{"start":{"line":316,"column":4},"end":{"line":322,"column":5}},{"start":{"line":316,"column":4},"end":{"line":322,"column":5}}],"line":316},"9":{"loc":{"start":{"line":316,"column":7},"end":{"line":316,"column":76}},"type":"binary-expr","locations":[{"start":{"line":316,"column":7},"end":{"line":316,"column":43}},{"start":{"line":316,"column":47},"end":{"line":316,"column":76}}],"line":316},"10":{"loc":{"start":{"line":318,"column":6},"end":{"line":321,"column":7}},"type":"if","locations":[{"start":{"line":318,"column":6},"end":{"line":321,"column":7}},{"start":{"line":318,"column":6},"end":{"line":321,"column":7}}],"line":318},"11":{"loc":{"start":{"line":324,"column":4},"end":{"line":327,"column":5}},"type":"if","locations":[{"start":{"line":324,"column":4},"end":{"line":327,"column":5}},{"start":{"line":324,"column":4},"end":{"line":327,"column":5}}],"line":324},"12":{"loc":{"start":{"line":375,"column":6},"end":{"line":379,"column":5}},"type":"if","locations":[{"start":{"line":375,"column":6},"end":{"line":379,"column":5}},{"start":{"line":375,"column":6},"end":{"line":379,"column":5}}],"line":375},"13":{"loc":{"start":{"line":403,"column":2},"end":{"line":412,"column":3}},"type":"if","locations":[{"start":{"line":403,"column":2},"end":{"line":412,"column":3}},{"start":{"line":403,"column":2},"end":{"line":412,"column":3}}],"line":403},"14":{"loc":{"start":{"line":408,"column":4},"end":{"line":411,"column":7}},"type":"if","locations":[{"start":{"line":408,"column":4},"end":{"line":411,"column":7}},{"start":{"line":408,"column":4},"end":{"line":411,"column":7}}],"line":408},"15":{"loc":{"start":{"line":428,"column":4},"end":{"line":432,"column":5}},"type":"if","locations":[{"start":{"line":428,"column":4},"end":{"line":432,"column":5}},{"start":{"line":428,"column":4},"end":{"line":432,"column":5}}],"line":428},"16":{"loc":{"start":{"line":436,"column":4},"end":{"line":440,"column":5}},"type":"if","locations":[{"start":{"line":436,"column":4},"end":{"line":440,"column":5}},{"start":{"line":436,"column":4},"end":{"line":440,"column":5}}],"line":436},"17":{"loc":{"start":{"line":447,"column":2},"end":{"line":456,"column":3}},"type":"if","locations":[{"start":{"line":447,"column":2},"end":{"line":456,"column":3}},{"start":{"line":447,"column":2},"end":{"line":456,"column":3}}],"line":447},"18":{"loc":{"start":{"line":454,"column":8},"end":{"line":454,"column":92}},"type":"binary-expr","locations":[{"start":{"line":454,"column":8},"end":{"line":454,"column":66}},{"start":{"line":454,"column":70},"end":{"line":454,"column":92}}],"line":454},"19":{"loc":{"start":{"line":502,"column":18},"end":{"line":504,"column":19}},"type":"if","locations":[{"start":{"line":502,"column":18},"end":{"line":504,"column":19}},{"start":{"line":502,"column":18},"end":{"line":504,"column":19}}],"line":502},"20":{"loc":{"start":{"line":512,"column":74},"end":{"line":512,"column":141}},"type":"binary-expr","locations":[{"start":{"line":512,"column":74},"end":{"line":512,"column":103}},{"start":{"line":512,"column":107},"end":{"line":512,"column":127}},{"start":{"line":512,"column":131},"end":{"line":512,"column":141}}],"line":512}},"s":{"0":1,"1":1,"2":1,"3":1,"4":1,"5":1,"6":1,"7":1,"8":1,"9":1,"10":1,"11":1,"12":1,"13":1,"14":1,"15":1,"16":0,"17":0,"18":0,"19":0,"20":0,"21":0,"22":0,"23":0,"24":0,"25":0,"26":0,"27":0,"28":0,"29":0,"30":0,"31":0,"32":0,"33":0,"34":1,"35":0,"36":0,"37":0,"38":0,"39":0,"40":0,"41":0,"42":0,"43":0,"44":0,"45":0,"46":0,"47":0,"48":0,"49":0,"50":0,"51":0,"52":0,"53":0,"54":0,"55":0,"56":0,"57":0,"58":0,"59":0,"60":0,"61":0,"62":0,"63":0,"64":0,"65":0,"66":0,"67":0,"68":0,"69":0,"70":0,"71":0,"72":0,"73":0,"74":0,"75":0,"76":0,"77":0,"78":0,"79":0,"80":0,"81":0,"82":0,"83":0,"84":0,"85":0,"86":0,"87":0,"88":0,"89":0,"90":0,"91":0,"92":0,"93":0,"94":0,"95":0,"96":0,"97":0,"98":0,"99":0,"100":0,"101":0,"102":0,"103":0,"104":0,"105":0,"106":0,"107":0,"108":0,"109":0,"110":0,"111":0,"112":0,"113":0,"114":0,"115":0,"116":0,"117":0,"118":0,"119":0,"120":0,"121":0,"122":0,"123":0,"124":0,"125":0,"126":0,"127":0,"128":0,"129":0,"130":0,"131":0,"132":0,"133":0,"134":0,"135":0,"136":0,"137":0,"138":0,"139":0,"140":0,"141":0,"142":0,"143":0,"144":0,"145":0,"146":0,"147":0,"148":0,"149":0,"150":0,"151":0,"152":0,"153":0,"154":0,"155":0,"156":0,"157":0,"158":0,"159":0,"160":0,"161":0,"162":0,"163":0,"164":0,"165":0,"166":0,"167":0,"168":0,"169":0,"170":0,"171":0,"172":0,"173":0,"174":0,"175":0,"176":0,"177":0,"178":1,"179":1,"180":1,"181":1,"182":1,"183":1,"184":0,"185":0,"186":0,"187":0,"188":0,"189":0,"190":0,"191":0,"192":0,"193":0,"194":0,"195":0,"196":0,"197":0,"198":0,"199":0,"200":0,"201":0,"202":0,"203":0,"204":0,"205":0,"206":0,"207":0,"208":0,"209":0,"210":0,"211":0,"212":0,"213":0,"214":0,"215":0,"216":0,"217":0,"218":0,"219":0,"220":0,"221":0,"222":0,"223":0,"224":0,"225":0,"226":0,"227":0,"228":0,"229":0,"230":1,"231":0,"232":0,"233":0,"234":0,"235":0,"236":0,"237":0,"238":0,"239":0,"240":0,"241":0,"242":0,"243":0,"244":0,"245":0,"246":0,"247":0,"248":0,"249":0,"250":0,"251":0,"252":1},"f":{"0":0,"1":0,"2":0,"3":0,"4":0,"5":0,"6":0,"7":0,"8":0,"9":0,"10":0,"11":0,"12":0,"13":0,"14":0,"15":0,"16":0,"17":0,"18":0,"19":0,"20":0,"21":0,"22":0,"23":0,"24":0,"25":0,"26":0,"27":0,"28":0,"29":0,"30":0,"31":0,"32":0,"33":0,"34":0,"35":0,"36":0,"37":0,"38":0,"39":0,"40":0,"41":0,"42":0,"43":0,"44":0,"45":0,"46":0,"47":0,"48":0,"49":0,"50":0,"51":0},"b":{"0":[0,0],"1":[0,0],"2":[0,0],"3":[0,0],"4":[0,0],"5":[0,0],"6":[0,0],"7":[0,0],"8":[0,0],"9":[0,0],"10":[0,0],"11":[0,0],"12":[0,0],"13":[0,0],"14":[0,0],"15":[0,0],"16":[0,0],"17":[0,0],"18":[0,0],"19":[0,0],"20":[0,0,0]},"_coverageSchema":"1a1c01bbd47fc00a2c39e90264f33305004495a9","hash":"209ca0420c05ded57ed85e9c0c60c7bfadfb9a05"}
}
