{"/Users/Pontus/Documents/Forskning/checklists/express/index.js": {"path":"/Users/Pontus/Documents/Forskning/checklists/express/index.js","statementMap":{"0":{"start":{"line":5,"column":14},"end":{"line":5,"column":44}},"1":{"start":{"line":6,"column":11},"end":{"line":6,"column":31}},"2":{"start":{"line":7,"column":21},"end":{"line":7,"column":57}},"3":{"start":{"line":18,"column":23},"end":{"line":24,"column":1}},"4":{"start":{"line":25,"column":22},"end":{"line":25,"column":59}},"5":{"start":{"line":27,"column":14},"end":{"line":27,"column":27}},"6":{"start":{"line":28,"column":14},"end":{"line":28,"column":27}},"7":{"start":{"line":29,"column":16},"end":{"line":29,"column":29}},"8":{"start":{"line":30,"column":12},"end":{"line":30,"column":23}},"9":{"start":{"line":31,"column":12},"end":{"line":31,"column":23}},"10":{"start":{"line":32,"column":13},"end":{"line":32,"column":15}},"11":{"start":{"line":34,"column":16},"end":{"line":34,"column":29}},"12":{"start":{"line":35,"column":13},"end":{"line":35,"column":23}},"13":{"start":{"line":36,"column":23},"end":{"line":36,"column":43}},"14":{"start":{"line":38,"column":16},"end":{"line":38,"column":18}},"15":{"start":{"line":39,"column":19},"end":{"line":39,"column":85}},"16":{"start":{"line":49,"column":2},"end":{"line":49,"column":15}},"17":{"start":{"line":51,"column":2},"end":{"line":57,"column":5}},"18":{"start":{"line":53,"column":6},"end":{"line":53,"column":57}},"19":{"start":{"line":56,"column":6},"end":{"line":56,"column":57}},"20":{"start":{"line":61,"column":2},"end":{"line":61,"column":33}},"21":{"start":{"line":62,"column":2},"end":{"line":62,"column":17}},"22":{"start":{"line":63,"column":2},"end":{"line":63,"column":40}},"23":{"start":{"line":64,"column":19},"end":{"line":64,"column":56}},"24":{"start":{"line":65,"column":20},"end":{"line":65,"column":58}},"25":{"start":{"line":67,"column":2},"end":{"line":70,"column":4}},"26":{"start":{"line":68,"column":4},"end":{"line":68,"column":36}},"27":{"start":{"line":69,"column":4},"end":{"line":69,"column":19}},"28":{"start":{"line":71,"column":2},"end":{"line":74,"column":4}},"29":{"start":{"line":72,"column":4},"end":{"line":72,"column":36}},"30":{"start":{"line":73,"column":4},"end":{"line":73,"column":19}},"31":{"start":{"line":78,"column":18},"end":{"line":78,"column":54}},"32":{"start":{"line":79,"column":2},"end":{"line":83,"column":5}},"33":{"start":{"line":80,"column":4},"end":{"line":82,"column":5}},"34":{"start":{"line":81,"column":6},"end":{"line":81,"column":29}},"35":{"start":{"line":85,"column":0},"end":{"line":85,"column":51}},"36":{"start":{"line":88,"column":2},"end":{"line":88,"column":70}},"37":{"start":{"line":89,"column":2},"end":{"line":89,"column":62}},"38":{"start":{"line":93,"column":2},"end":{"line":93,"column":38}},"39":{"start":{"line":94,"column":2},"end":{"line":94,"column":19}},"40":{"start":{"line":98,"column":2},"end":{"line":103,"column":5}},"41":{"start":{"line":99,"column":4},"end":{"line":102,"column":5}},"42":{"start":{"line":100,"column":6},"end":{"line":100,"column":39}},"43":{"start":{"line":101,"column":6},"end":{"line":101,"column":28}},"44":{"start":{"line":109,"column":2},"end":{"line":109,"column":39}},"45":{"start":{"line":110,"column":2},"end":{"line":110,"column":38}},"46":{"start":{"line":115,"column":15},"end":{"line":115,"column":16}},"47":{"start":{"line":116,"column":20},"end":{"line":116,"column":23}},"48":{"start":{"line":117,"column":19},"end":{"line":117,"column":20}},"49":{"start":{"line":119,"column":2},"end":{"line":119,"column":40}},"50":{"start":{"line":120,"column":2},"end":{"line":135,"column":3}},"51":{"start":{"line":121,"column":4},"end":{"line":134,"column":5}},"52":{"start":{"line":122,"column":6},"end":{"line":122,"column":46}},"53":{"start":{"line":123,"column":6},"end":{"line":123,"column":56}},"54":{"start":{"line":125,"column":9},"end":{"line":134,"column":5}},"55":{"start":{"line":131,"column":6},"end":{"line":131,"column":61}},"56":{"start":{"line":132,"column":6},"end":{"line":132,"column":53}},"57":{"start":{"line":136,"column":2},"end":{"line":136,"column":41}},"58":{"start":{"line":137,"column":2},"end":{"line":137,"column":28}},"59":{"start":{"line":141,"column":2},"end":{"line":158,"column":3}},"60":{"start":{"line":142,"column":21},"end":{"line":142,"column":38}},"61":{"start":{"line":143,"column":4},"end":{"line":154,"column":5}},"62":{"start":{"line":144,"column":19},"end":{"line":144,"column":40}},"63":{"start":{"line":145,"column":33},"end":{"line":149,"column":7}},"64":{"start":{"line":150,"column":6},"end":{"line":150,"column":60}},"65":{"start":{"line":152,"column":6},"end":{"line":152,"column":48}},"66":{"start":{"line":156,"column":4},"end":{"line":156,"column":35}},"67":{"start":{"line":163,"column":14},"end":{"line":163,"column":50}},"68":{"start":{"line":165,"column":13},"end":{"line":165,"column":73}},"69":{"start":{"line":166,"column":2},"end":{"line":166,"column":62}},"70":{"start":{"line":171,"column":2},"end":{"line":174,"column":4}},"71":{"start":{"line":172,"column":21},"end":{"line":172,"column":56}},"72":{"start":{"line":173,"column":4},"end":{"line":173,"column":64}},"73":{"start":{"line":184,"column":2},"end":{"line":184,"column":28}},"74":{"start":{"line":185,"column":2},"end":{"line":185,"column":45}},"75":{"start":{"line":196,"column":2},"end":{"line":196,"column":57}},"76":{"start":{"line":198,"column":2},"end":{"line":198,"column":62}},"77":{"start":{"line":199,"column":2},"end":{"line":199,"column":60}},"78":{"start":{"line":201,"column":2},"end":{"line":201,"column":62}},"79":{"start":{"line":202,"column":2},"end":{"line":202,"column":60}},"80":{"start":{"line":204,"column":2},"end":{"line":204,"column":56}},"81":{"start":{"line":206,"column":2},"end":{"line":212,"column":3}},"82":{"start":{"line":207,"column":4},"end":{"line":207,"column":40}},"83":{"start":{"line":208,"column":4},"end":{"line":208,"column":26}},"84":{"start":{"line":211,"column":4},"end":{"line":211,"column":28}},"85":{"start":{"line":213,"column":2},"end":{"line":213,"column":42}},"86":{"start":{"line":218,"column":2},"end":{"line":218,"column":48}},"87":{"start":{"line":219,"column":2},"end":{"line":219,"column":35}},"88":{"start":{"line":220,"column":2},"end":{"line":220,"column":44}},"89":{"start":{"line":221,"column":2},"end":{"line":221,"column":40}},"90":{"start":{"line":222,"column":2},"end":{"line":222,"column":35}},"91":{"start":{"line":223,"column":2},"end":{"line":223,"column":36}},"92":{"start":{"line":224,"column":2},"end":{"line":224,"column":40}},"93":{"start":{"line":225,"column":2},"end":{"line":225,"column":70}},"94":{"start":{"line":226,"column":2},"end":{"line":226,"column":45}},"95":{"start":{"line":227,"column":13},"end":{"line":227,"column":51}},"96":{"start":{"line":228,"column":2},"end":{"line":228,"column":36}},"97":{"start":{"line":229,"column":2},"end":{"line":229,"column":30}},"98":{"start":{"line":230,"column":2},"end":{"line":230,"column":30}},"99":{"start":{"line":233,"column":20},"end":{"line":233,"column":49}},"100":{"start":{"line":234,"column":2},"end":{"line":234,"column":43}},"101":{"start":{"line":235,"column":2},"end":{"line":235,"column":41}},"102":{"start":{"line":236,"column":2},"end":{"line":236,"column":36}},"103":{"start":{"line":237,"column":2},"end":{"line":237,"column":35}},"104":{"start":{"line":238,"column":2},"end":{"line":238,"column":40}},"105":{"start":{"line":239,"column":2},"end":{"line":239,"column":43}},"106":{"start":{"line":240,"column":2},"end":{"line":240,"column":41}},"107":{"start":{"line":241,"column":2},"end":{"line":241,"column":37}},"108":{"start":{"line":243,"column":2},"end":{"line":248,"column":3}},"109":{"start":{"line":245,"column":4},"end":{"line":245,"column":39}},"110":{"start":{"line":246,"column":4},"end":{"line":246,"column":33}},"111":{"start":{"line":247,"column":4},"end":{"line":247,"column":38}},"112":{"start":{"line":253,"column":4},"end":{"line":253,"column":64}},"113":{"start":{"line":254,"column":4},"end":{"line":254,"column":39}},"114":{"start":{"line":255,"column":13},"end":{"line":255,"column":51}},"115":{"start":{"line":256,"column":4},"end":{"line":256,"column":64}},"116":{"start":{"line":258,"column":4},"end":{"line":266,"column":5}},"117":{"start":{"line":259,"column":20},"end":{"line":259,"column":52}},"118":{"start":{"line":260,"column":21},"end":{"line":260,"column":53}},"119":{"start":{"line":261,"column":15},"end":{"line":261,"column":50}},"120":{"start":{"line":262,"column":6},"end":{"line":262,"column":32}},"121":{"start":{"line":263,"column":6},"end":{"line":263,"column":31}},"122":{"start":{"line":264,"column":6},"end":{"line":264,"column":25}},"123":{"start":{"line":265,"column":6},"end":{"line":265,"column":29}},"124":{"start":{"line":267,"column":23},"end":{"line":267,"column":79}},"125":{"start":{"line":268,"column":4},"end":{"line":268,"column":83}},"126":{"start":{"line":273,"column":2},"end":{"line":273,"column":33}},"127":{"start":{"line":276,"column":17},"end":{"line":276,"column":33}},"128":{"start":{"line":277,"column":2},"end":{"line":279,"column":3}},"129":{"start":{"line":277,"column":15},"end":{"line":277,"column":16}},"130":{"start":{"line":278,"column":6},"end":{"line":278,"column":42}},"131":{"start":{"line":283,"column":2},"end":{"line":283,"column":29}},"132":{"start":{"line":286,"column":17},"end":{"line":286,"column":33}},"133":{"start":{"line":287,"column":2},"end":{"line":289,"column":3}},"134":{"start":{"line":287,"column":15},"end":{"line":287,"column":16}},"135":{"start":{"line":288,"column":6},"end":{"line":288,"column":42}},"136":{"start":{"line":301,"column":2},"end":{"line":309,"column":3}},"137":{"start":{"line":302,"column":4},"end":{"line":302,"column":28}},"138":{"start":{"line":303,"column":4},"end":{"line":308,"column":3}},"139":{"start":{"line":304,"column":6},"end":{"line":304,"column":38}},"140":{"start":{"line":306,"column":6},"end":{"line":306,"column":30}},"141":{"start":{"line":307,"column":6},"end":{"line":307,"column":34}},"142":{"start":{"line":311,"column":2},"end":{"line":327,"column":3}},"143":{"start":{"line":312,"column":4},"end":{"line":312,"column":43}},"144":{"start":{"line":313,"column":4},"end":{"line":313,"column":27}},"145":{"start":{"line":314,"column":4},"end":{"line":326,"column":5}},"146":{"start":{"line":315,"column":6},"end":{"line":315,"column":74}},"147":{"start":{"line":316,"column":6},"end":{"line":316,"column":66}},"148":{"start":{"line":317,"column":6},"end":{"line":317,"column":80}},"149":{"start":{"line":318,"column":6},"end":{"line":318,"column":30}},"150":{"start":{"line":319,"column":6},"end":{"line":319,"column":34}},"151":{"start":{"line":320,"column":6},"end":{"line":320,"column":51}},"152":{"start":{"line":321,"column":6},"end":{"line":321,"column":41}},"153":{"start":{"line":323,"column":6},"end":{"line":323,"column":60}},"154":{"start":{"line":325,"column":6},"end":{"line":325,"column":37}},"155":{"start":{"line":332,"column":2},"end":{"line":332,"column":38}},"156":{"start":{"line":333,"column":2},"end":{"line":333,"column":56}},"157":{"start":{"line":334,"column":2},"end":{"line":334,"column":52}},"158":{"start":{"line":343,"column":2},"end":{"line":343,"column":57}},"159":{"start":{"line":344,"column":2},"end":{"line":344,"column":32}},"160":{"start":{"line":346,"column":19},"end":{"line":346,"column":63}},"161":{"start":{"line":348,"column":11},"end":{"line":348,"column":46}},"162":{"start":{"line":349,"column":2},"end":{"line":349,"column":53}},"163":{"start":{"line":350,"column":2},"end":{"line":350,"column":79}},"164":{"start":{"line":352,"column":2},"end":{"line":352,"column":17}},"165":{"start":{"line":353,"column":2},"end":{"line":353,"column":13}},"166":{"start":{"line":355,"column":2},"end":{"line":385,"column":3}},"167":{"start":{"line":356,"column":4},"end":{"line":358,"column":5}},"168":{"start":{"line":357,"column":6},"end":{"line":357,"column":35}},"169":{"start":{"line":359,"column":13},"end":{"line":359,"column":42}},"170":{"start":{"line":360,"column":4},"end":{"line":360,"column":51}},"171":{"start":{"line":361,"column":4},"end":{"line":361,"column":45}},"172":{"start":{"line":362,"column":4},"end":{"line":362,"column":36}},"173":{"start":{"line":364,"column":4},"end":{"line":364,"column":55}},"174":{"start":{"line":365,"column":4},"end":{"line":365,"column":29}},"175":{"start":{"line":366,"column":4},"end":{"line":366,"column":39}},"176":{"start":{"line":367,"column":4},"end":{"line":367,"column":37}},"177":{"start":{"line":368,"column":4},"end":{"line":368,"column":43}},"178":{"start":{"line":370,"column":4},"end":{"line":377,"column":5}},"179":{"start":{"line":371,"column":6},"end":{"line":371,"column":46}},"180":{"start":{"line":372,"column":6},"end":{"line":372,"column":37}},"181":{"start":{"line":373,"column":6},"end":{"line":376,"column":7}},"182":{"start":{"line":374,"column":8},"end":{"line":374,"column":19}},"183":{"start":{"line":375,"column":8},"end":{"line":375,"column":28}},"184":{"start":{"line":379,"column":4},"end":{"line":382,"column":5}},"185":{"start":{"line":380,"column":6},"end":{"line":380,"column":17}},"186":{"start":{"line":381,"column":8},"end":{"line":381,"column":28}},"187":{"start":{"line":383,"column":4},"end":{"line":383,"column":37}},"188":{"start":{"line":386,"column":2},"end":{"line":388,"column":3}},"189":{"start":{"line":387,"column":4},"end":{"line":387,"column":33}},"190":{"start":{"line":389,"column":2},"end":{"line":394,"column":3}},"191":{"start":{"line":390,"column":4},"end":{"line":393,"column":5}},"192":{"start":{"line":391,"column":6},"end":{"line":391,"column":72}},"193":{"start":{"line":392,"column":6},"end":{"line":392,"column":54}},"194":{"start":{"line":399,"column":2},"end":{"line":399,"column":19}},"195":{"start":{"line":400,"column":2},"end":{"line":400,"column":80}},"196":{"start":{"line":401,"column":2},"end":{"line":401,"column":61}},"197":{"start":{"line":402,"column":2},"end":{"line":402,"column":53}},"198":{"start":{"line":403,"column":2},"end":{"line":403,"column":54}},"199":{"start":{"line":404,"column":2},"end":{"line":404,"column":35}},"200":{"start":{"line":405,"column":2},"end":{"line":405,"column":36}},"201":{"start":{"line":406,"column":2},"end":{"line":406,"column":82}},"202":{"start":{"line":407,"column":2},"end":{"line":407,"column":19}},"203":{"start":{"line":408,"column":2},"end":{"line":408,"column":18}},"204":{"start":{"line":413,"column":14},"end":{"line":413,"column":49}},"205":{"start":{"line":417,"column":23},"end":{"line":417,"column":99}},"206":{"start":{"line":419,"column":2},"end":{"line":419,"column":24}},"207":{"start":{"line":424,"column":22},"end":{"line":424,"column":55}},"208":{"start":{"line":427,"column":14},"end":{"line":427,"column":49}},"209":{"start":{"line":430,"column":2},"end":{"line":436,"column":5}},"210":{"start":{"line":431,"column":6},"end":{"line":435,"column":5}},"211":{"start":{"line":432,"column":6},"end":{"line":434,"column":56}},"212":{"start":{"line":433,"column":8},"end":{"line":433,"column":72}},"213":{"start":{"line":434,"column":8},"end":{"line":434,"column":55}},"214":{"start":{"line":442,"column":24},"end":{"line":442,"column":26}},"215":{"start":{"line":443,"column":19},"end":{"line":443,"column":21}},"216":{"start":{"line":444,"column":0},"end":{"line":444,"column":67}},"217":{"start":{"line":445,"column":0},"end":{"line":445,"column":27}},"218":{"start":{"line":446,"column":0},"end":{"line":446,"column":35}},"219":{"start":{"line":448,"column":0},"end":{"line":469,"column":2}},"220":{"start":{"line":449,"column":2},"end":{"line":449,"column":19}},"221":{"start":{"line":450,"column":2},"end":{"line":450,"column":20}},"222":{"start":{"line":459,"column":2},"end":{"line":468,"column":3}},"223":{"start":{"line":460,"column":4},"end":{"line":460,"column":24}},"224":{"start":{"line":461,"column":28},"end":{"line":461,"column":48}},"225":{"start":{"line":462,"column":15},"end":{"line":462,"column":62}},"226":{"start":{"line":463,"column":4},"end":{"line":463,"column":21}},"227":{"start":{"line":464,"column":4},"end":{"line":467,"column":7}},"228":{"start":{"line":465,"column":8},"end":{"line":465,"column":28}},"229":{"start":{"line":466,"column":10},"end":{"line":466,"column":66}},"230":{"start":{"line":472,"column":2},"end":{"line":472,"column":31}},"231":{"start":{"line":474,"column":21},"end":{"line":474,"column":59}},"232":{"start":{"line":475,"column":2},"end":{"line":475,"column":39}},"233":{"start":{"line":477,"column":2},"end":{"line":477,"column":43}},"234":{"start":{"line":478,"column":2},"end":{"line":478,"column":17}},"235":{"start":{"line":479,"column":2},"end":{"line":479,"column":32}},"236":{"start":{"line":484,"column":4},"end":{"line":488,"column":5}},"237":{"start":{"line":485,"column":8},"end":{"line":485,"column":23}},"238":{"start":{"line":486,"column":26},"end":{"line":486,"column":57}},"239":{"start":{"line":487,"column":8},"end":{"line":487,"column":57}},"240":{"start":{"line":492,"column":4},"end":{"line":496,"column":5}},"241":{"start":{"line":493,"column":8},"end":{"line":493,"column":23}},"242":{"start":{"line":494,"column":26},"end":{"line":494,"column":57}},"243":{"start":{"line":495,"column":8},"end":{"line":495,"column":57}},"244":{"start":{"line":502,"column":27},"end":{"line":502,"column":29}},"245":{"start":{"line":503,"column":2},"end":{"line":512,"column":3}},"246":{"start":{"line":504,"column":4},"end":{"line":506,"column":5}},"247":{"start":{"line":505,"column":6},"end":{"line":505,"column":66}},"248":{"start":{"line":509,"column":4},"end":{"line":511,"column":5}},"249":{"start":{"line":510,"column":8},"end":{"line":510,"column":92}},"250":{"start":{"line":513,"column":2},"end":{"line":513,"column":27}},"251":{"start":{"line":514,"column":25},"end":{"line":514,"column":68}},"252":{"start":{"line":515,"column":2},"end":{"line":515,"column":34}},"253":{"start":{"line":517,"column":2},"end":{"line":531,"column":5}},"254":{"start":{"line":518,"column":21},"end":{"line":518,"column":49}},"255":{"start":{"line":519,"column":6},"end":{"line":519,"column":39}},"256":{"start":{"line":520,"column":6},"end":{"line":520,"column":48}},"257":{"start":{"line":521,"column":6},"end":{"line":521,"column":36}},"258":{"start":{"line":522,"column":6},"end":{"line":529,"column":9}},"259":{"start":{"line":523,"column":10},"end":{"line":523,"column":50}},"260":{"start":{"line":524,"column":10},"end":{"line":528,"column":13}},"261":{"start":{"line":530,"column":6},"end":{"line":530,"column":45}},"262":{"start":{"line":535,"column":25},"end":{"line":535,"column":68}},"263":{"start":{"line":536,"column":18},"end":{"line":536,"column":54}},"264":{"start":{"line":537,"column":2},"end":{"line":537,"column":23}},"265":{"start":{"line":538,"column":2},"end":{"line":538,"column":34}},"266":{"start":{"line":545,"column":20},"end":{"line":545,"column":22}},"267":{"start":{"line":548,"column":2},"end":{"line":587,"column":5}},"268":{"start":{"line":549,"column":18},"end":{"line":549,"column":54}},"269":{"start":{"line":550,"column":21},"end":{"line":550,"column":23}},"270":{"start":{"line":552,"column":6},"end":{"line":577,"column":7}},"271":{"start":{"line":552,"column":19},"end":{"line":552,"column":20}},"272":{"start":{"line":553,"column":21},"end":{"line":553,"column":67}},"273":{"start":{"line":556,"column":24},"end":{"line":574,"column":16}},"274":{"start":{"line":558,"column":18},"end":{"line":560,"column":19}},"275":{"start":{"line":559,"column":22},"end":{"line":559,"column":69}},"276":{"start":{"line":561,"column":18},"end":{"line":561,"column":41}},"277":{"start":{"line":567,"column":18},"end":{"line":567,"column":72}},"278":{"start":{"line":568,"column":18},"end":{"line":568,"column":145}},"279":{"start":{"line":568,"column":74},"end":{"line":568,"column":141}},"280":{"start":{"line":569,"column":18},"end":{"line":569,"column":30}},"281":{"start":{"line":572,"column":18},"end":{"line":572,"column":88}},"282":{"start":{"line":573,"column":18},"end":{"line":573,"column":30}},"283":{"start":{"line":576,"column":10},"end":{"line":576,"column":33}},"284":{"start":{"line":579,"column":6},"end":{"line":586,"column":13}},"285":{"start":{"line":581,"column":14},"end":{"line":581,"column":24}},"286":{"start":{"line":582,"column":14},"end":{"line":582,"column":48}},"287":{"start":{"line":585,"column":14},"end":{"line":585,"column":28}},"288":{"start":{"line":593,"column":16},"end":{"line":593,"column":45}},"289":{"start":{"line":594,"column":2},"end":{"line":594,"column":31}},"290":{"start":{"line":595,"column":2},"end":{"line":595,"column":35}},"291":{"start":{"line":598,"column":23},"end":{"line":598,"column":52}},"292":{"start":{"line":599,"column":2},"end":{"line":599,"column":46}},"293":{"start":{"line":600,"column":2},"end":{"line":600,"column":34}},"294":{"start":{"line":603,"column":19},"end":{"line":603,"column":49}},"295":{"start":{"line":604,"column":2},"end":{"line":604,"column":34}},"296":{"start":{"line":605,"column":2},"end":{"line":605,"column":33}},"297":{"start":{"line":606,"column":2},"end":{"line":606,"column":37}},"298":{"start":{"line":609,"column":15},"end":{"line":609,"column":45}},"299":{"start":{"line":610,"column":2},"end":{"line":610,"column":24}},"300":{"start":{"line":611,"column":2},"end":{"line":611,"column":33}},"301":{"start":{"line":614,"column":18},"end":{"line":614,"column":46}},"302":{"start":{"line":615,"column":2},"end":{"line":615,"column":58}},"303":{"start":{"line":616,"column":2},"end":{"line":616,"column":28}},"304":{"start":{"line":618,"column":20},"end":{"line":618,"column":51}},"305":{"start":{"line":619,"column":2},"end":{"line":619,"column":40}},"306":{"start":{"line":620,"column":2},"end":{"line":620,"column":34}},"307":{"start":{"line":621,"column":2},"end":{"line":621,"column":30}},"308":{"start":{"line":623,"column":20},"end":{"line":623,"column":51}},"309":{"start":{"line":624,"column":2},"end":{"line":624,"column":26}},"310":{"start":{"line":625,"column":2},"end":{"line":625,"column":24}},"311":{"start":{"line":626,"column":2},"end":{"line":626,"column":26}},"312":{"start":{"line":627,"column":2},"end":{"line":627,"column":28}},"313":{"start":{"line":628,"column":2},"end":{"line":628,"column":30}},"314":{"start":{"line":631,"column":19},"end":{"line":631,"column":48}},"315":{"start":{"line":632,"column":2},"end":{"line":632,"column":31}},"316":{"start":{"line":633,"column":2},"end":{"line":633,"column":29}},"317":{"start":{"line":635,"column":2},"end":{"line":635,"column":49}},"318":{"start":{"line":636,"column":2},"end":{"line":636,"column":49}},"319":{"start":{"line":639,"column":21},"end":{"line":639,"column":52}},"320":{"start":{"line":640,"column":2},"end":{"line":640,"column":42}},"321":{"start":{"line":641,"column":2},"end":{"line":641,"column":42}},"322":{"start":{"line":642,"column":2},"end":{"line":642,"column":31}},"323":{"start":{"line":644,"column":22},"end":{"line":644,"column":54}},"324":{"start":{"line":645,"column":2},"end":{"line":645,"column":27}},"325":{"start":{"line":646,"column":2},"end":{"line":646,"column":29}},"326":{"start":{"line":647,"column":2},"end":{"line":647,"column":32}},"327":{"start":{"line":650,"column":17},"end":{"line":650,"column":47}},"328":{"start":{"line":652,"column":2},"end":{"line":657,"column":5}},"329":{"start":{"line":653,"column":19},"end":{"line":653,"column":51}},"330":{"start":{"line":654,"column":4},"end":{"line":654,"column":25}},"331":{"start":{"line":655,"column":4},"end":{"line":655,"column":72}},"332":{"start":{"line":656,"column":4},"end":{"line":656,"column":36}},"333":{"start":{"line":659,"column":2},"end":{"line":659,"column":49}},"334":{"start":{"line":660,"column":2},"end":{"line":660,"column":49}},"335":{"start":{"line":663,"column":25},"end":{"line":663,"column":56}},"336":{"start":{"line":664,"column":2},"end":{"line":664,"column":45}},"337":{"start":{"line":665,"column":2},"end":{"line":665,"column":44}},"338":{"start":{"line":666,"column":2},"end":{"line":666,"column":35}},"339":{"start":{"line":668,"column":30},"end":{"line":668,"column":61}},"340":{"start":{"line":669,"column":2},"end":{"line":669,"column":36}},"341":{"start":{"line":670,"column":2},"end":{"line":670,"column":39}},"342":{"start":{"line":671,"column":2},"end":{"line":671,"column":41}},"343":{"start":{"line":672,"column":2},"end":{"line":672,"column":38}},"344":{"start":{"line":673,"column":2},"end":{"line":673,"column":40}},"345":{"start":{"line":677,"column":22},"end":{"line":677,"column":53}},"346":{"start":{"line":678,"column":2},"end":{"line":678,"column":30}},"347":{"start":{"line":679,"column":2},"end":{"line":679,"column":31}},"348":{"start":{"line":680,"column":2},"end":{"line":680,"column":32}},"349":{"start":{"line":681,"column":2},"end":{"line":681,"column":32}},"350":{"start":{"line":695,"column":2},"end":{"line":699,"column":5}},"351":{"start":{"line":696,"column":4},"end":{"line":698,"column":5}},"352":{"start":{"line":697,"column":6},"end":{"line":697,"column":35}},"353":{"start":{"line":701,"column":2},"end":{"line":712,"column":5}},"354":{"start":{"line":702,"column":4},"end":{"line":702,"column":27}},"355":{"start":{"line":703,"column":4},"end":{"line":711,"column":5}},"356":{"start":{"line":704,"column":6},"end":{"line":704,"column":56}},"357":{"start":{"line":707,"column":6},"end":{"line":707,"column":62}},"358":{"start":{"line":708,"column":6},"end":{"line":708,"column":69}},"359":{"start":{"line":709,"column":6},"end":{"line":709,"column":32}},"360":{"start":{"line":710,"column":6},"end":{"line":710,"column":35}},"361":{"start":{"line":717,"column":16},"end":{"line":717,"column":25}},"362":{"start":{"line":719,"column":2},"end":{"line":723,"column":3}},"363":{"start":{"line":720,"column":4},"end":{"line":720,"column":17}},"364":{"start":{"line":722,"column":4},"end":{"line":722,"column":16}},"365":{"start":{"line":731,"column":0},"end":{"line":731,"column":19}}},"fnMap":{"0":{"name":"run","decl":{"start":{"line":48,"column":15},"end":{"line":48,"column":18}},"loc":{"start":{"line":48,"column":21},"end":{"line":84,"column":1}},"line":48},"1":{"name":"(anonymous_1)","decl":{"start":{"line":52,"column":8},"end":{"line":52,"column":9}},"loc":{"start":{"line":52,"column":14},"end":{"line":54,"column":3}},"line":52},"2":{"name":"(anonymous_2)","decl":{"start":{"line":55,"column":9},"end":{"line":55,"column":10}},"loc":{"start":{"line":55,"column":20},"end":{"line":57,"column":3}},"line":55},"3":{"name":"(anonymous_3)","decl":{"start":{"line":67,"column":39},"end":{"line":67,"column":40}},"loc":{"start":{"line":67,"column":50},"end":{"line":70,"column":3}},"line":67},"4":{"name":"(anonymous_4)","decl":{"start":{"line":71,"column":40},"end":{"line":71,"column":41}},"loc":{"start":{"line":71,"column":51},"end":{"line":74,"column":3}},"line":71},"5":{"name":"(anonymous_5)","decl":{"start":{"line":79,"column":38},"end":{"line":79,"column":39}},"loc":{"start":{"line":79,"column":49},"end":{"line":83,"column":3}},"line":79},"6":{"name":"resetChecklist","decl":{"start":{"line":87,"column":9},"end":{"line":87,"column":23}},"loc":{"start":{"line":87,"column":26},"end":{"line":90,"column":1}},"line":87},"7":{"name":"viewHomePage","decl":{"start":{"line":92,"column":9},"end":{"line":92,"column":21}},"loc":{"start":{"line":92,"column":24},"end":{"line":95,"column":1}},"line":92},"8":{"name":"setMenuItemsOnClickEvents","decl":{"start":{"line":97,"column":9},"end":{"line":97,"column":34}},"loc":{"start":{"line":97,"column":46},"end":{"line":104,"column":1}},"line":97},"9":{"name":"(anonymous_9)","decl":{"start":{"line":98,"column":20},"end":{"line":98,"column":21}},"loc":{"start":{"line":98,"column":40},"end":{"line":103,"column":3}},"line":98},"10":{"name":"(anonymous_10)","decl":{"start":{"line":99,"column":47},"end":{"line":99,"column":48}},"loc":{"start":{"line":99,"column":65},"end":{"line":102,"column":5}},"line":99},"11":{"name":"showMenu","decl":{"start":{"line":108,"column":15},"end":{"line":108,"column":23}},"loc":{"start":{"line":108,"column":41},"end":{"line":111,"column":1}},"line":108},"12":{"name":"createXMLHttpRequest2","decl":{"start":{"line":113,"column":15},"end":{"line":113,"column":36}},"loc":{"start":{"line":113,"column":77},"end":{"line":139,"column":1}},"line":113},"13":{"name":"(anonymous_13)","decl":{"start":{"line":120,"column":38},"end":{"line":120,"column":39}},"loc":{"start":{"line":120,"column":50},"end":{"line":135,"column":3}},"line":120},"14":{"name":"createXMLHttpRequest","decl":{"start":{"line":140,"column":15},"end":{"line":140,"column":35}},"loc":{"start":{"line":140,"column":77},"end":{"line":159,"column":1}},"line":140},"15":{"name":"readIndexMenu","decl":{"start":{"line":162,"column":15},"end":{"line":162,"column":28}},"loc":{"start":{"line":162,"column":46},"end":{"line":167,"column":1}},"line":162},"16":{"name":"setVisibleSection","decl":{"start":{"line":170,"column":9},"end":{"line":170,"column":26}},"loc":{"start":{"line":170,"column":32},"end":{"line":175,"column":1}},"line":170},"17":{"name":"(anonymous_17)","decl":{"start":{"line":171,"column":24},"end":{"line":171,"column":25}},"loc":{"start":{"line":171,"column":35},"end":{"line":174,"column":3}},"line":171},"18":{"name":"createListFromTextFile","decl":{"start":{"line":183,"column":9},"end":{"line":183,"column":31}},"loc":{"start":{"line":183,"column":38},"end":{"line":186,"column":1}},"line":183},"19":{"name":"createListItem","decl":{"start":{"line":195,"column":9},"end":{"line":195,"column":23}},"loc":{"start":{"line":195,"column":33},"end":{"line":214,"column":1}},"line":195},"20":{"name":"ifImage","decl":{"start":{"line":217,"column":9},"end":{"line":217,"column":16}},"loc":{"start":{"line":217,"column":30},"end":{"line":249,"column":1}},"line":217},"21":{"name":"(anonymous_21)","decl":{"start":{"line":243,"column":17},"end":{"line":243,"column":18}},"loc":{"start":{"line":243,"column":27},"end":{"line":248,"column":3}},"line":243},"22":{"name":"ifNoImage","decl":{"start":{"line":252,"column":9},"end":{"line":252,"column":18}},"loc":{"start":{"line":252,"column":32},"end":{"line":270,"column":1}},"line":252},"23":{"name":"hideElementAndChildren","decl":{"start":{"line":272,"column":9},"end":{"line":272,"column":31}},"loc":{"start":{"line":272,"column":41},"end":{"line":280,"column":1}},"line":272},"24":{"name":"showElementAndChildren","decl":{"start":{"line":282,"column":9},"end":{"line":282,"column":31}},"loc":{"start":{"line":282,"column":41},"end":{"line":290,"column":1}},"line":282},"25":{"name":"setListItemOnClicks","decl":{"start":{"line":299,"column":9},"end":{"line":299,"column":28}},"loc":{"start":{"line":299,"column":32},"end":{"line":328,"column":1}},"line":299},"26":{"name":"(anonymous_26)","decl":{"start":{"line":301,"column":53},"end":{"line":301,"column":54}},"loc":{"start":{"line":301,"column":70},"end":{"line":309,"column":3}},"line":301},"27":{"name":"(anonymous_27)","decl":{"start":{"line":311,"column":55},"end":{"line":311,"column":56}},"loc":{"start":{"line":311,"column":72},"end":{"line":327,"column":3}},"line":311},"28":{"name":"showChecklist","decl":{"start":{"line":331,"column":9},"end":{"line":331,"column":22}},"loc":{"start":{"line":331,"column":25},"end":{"line":335,"column":1}},"line":331},"29":{"name":"createMenuList","decl":{"start":{"line":342,"column":9},"end":{"line":342,"column":23}},"loc":{"start":{"line":342,"column":50},"end":{"line":395,"column":1}},"line":342},"30":{"name":"(anonymous_30)","decl":{"start":{"line":390,"column":57},"end":{"line":390,"column":58}},"loc":{"start":{"line":390,"column":80},"end":{"line":393,"column":5}},"line":390},"31":{"name":"getChecklistFromInternalLink","decl":{"start":{"line":397,"column":9},"end":{"line":397,"column":37}},"loc":{"start":{"line":397,"column":52},"end":{"line":409,"column":1}},"line":397},"32":{"name":"replaceInternalLinks","decl":{"start":{"line":411,"column":9},"end":{"line":411,"column":29}},"loc":{"start":{"line":411,"column":43},"end":{"line":420,"column":1}},"line":411},"33":{"name":"setOnClickForATags","decl":{"start":{"line":422,"column":9},"end":{"line":422,"column":27}},"loc":{"start":{"line":422,"column":38},"end":{"line":437,"column":1}},"line":422},"34":{"name":"(anonymous_34)","decl":{"start":{"line":430,"column":16},"end":{"line":430,"column":17}},"loc":{"start":{"line":430,"column":31},"end":{"line":436,"column":3}},"line":430},"35":{"name":"(anonymous_35)","decl":{"start":{"line":432,"column":21},"end":{"line":432,"column":22}},"loc":{"start":{"line":432,"column":32},"end":{"line":434,"column":56}},"line":432},"36":{"name":"(anonymous_36)","decl":{"start":{"line":448,"column":20},"end":{"line":448,"column":21}},"loc":{"start":{"line":448,"column":36},"end":{"line":469,"column":1}},"line":448},"37":{"name":"addToHistory","decl":{"start":{"line":471,"column":9},"end":{"line":471,"column":21}},"loc":{"start":{"line":471,"column":40},"end":{"line":480,"column":1}},"line":471},"38":{"name":"navigateBackward","decl":{"start":{"line":483,"column":9},"end":{"line":483,"column":25}},"loc":{"start":{"line":483,"column":28},"end":{"line":489,"column":1}},"line":483},"39":{"name":"navigateForward","decl":{"start":{"line":491,"column":9},"end":{"line":491,"column":24}},"loc":{"start":{"line":491,"column":27},"end":{"line":497,"column":1}},"line":491},"40":{"name":"updateList","decl":{"start":{"line":501,"column":9},"end":{"line":501,"column":19}},"loc":{"start":{"line":501,"column":32},"end":{"line":532,"column":1}},"line":501},"41":{"name":"(anonymous_41)","decl":{"start":{"line":504,"column":46},"end":{"line":504,"column":47}},"loc":{"start":{"line":505,"column":6},"end":{"line":505,"column":66}},"line":505},"42":{"name":"(anonymous_42)","decl":{"start":{"line":509,"column":46},"end":{"line":509,"column":47}},"loc":{"start":{"line":510,"column":8},"end":{"line":510,"column":92}},"line":510},"43":{"name":"(anonymous_43)","decl":{"start":{"line":517,"column":29},"end":{"line":517,"column":30}},"loc":{"start":{"line":517,"column":42},"end":{"line":531,"column":3}},"line":517},"44":{"name":"(anonymous_44)","decl":{"start":{"line":522,"column":41},"end":{"line":522,"column":42}},"loc":{"start":{"line":522,"column":52},"end":{"line":529,"column":7}},"line":522},"45":{"name":"resetSearchList","decl":{"start":{"line":534,"column":9},"end":{"line":534,"column":24}},"loc":{"start":{"line":534,"column":26},"end":{"line":539,"column":1}},"line":534},"46":{"name":"getAllChecklists","decl":{"start":{"line":547,"column":9},"end":{"line":547,"column":25}},"loc":{"start":{"line":547,"column":28},"end":{"line":588,"column":1}},"line":547},"47":{"name":"(anonymous_47)","decl":{"start":{"line":548,"column":21},"end":{"line":548,"column":22}},"loc":{"start":{"line":548,"column":42},"end":{"line":587,"column":3}},"line":548},"48":{"name":"(anonymous_48)","decl":{"start":{"line":557,"column":20},"end":{"line":557,"column":21}},"loc":{"start":{"line":557,"column":32},"end":{"line":562,"column":15}},"line":557},"49":{"name":"(anonymous_49)","decl":{"start":{"line":563,"column":20},"end":{"line":563,"column":21}},"loc":{"start":{"line":563,"column":28},"end":{"line":570,"column":15}},"line":563},"50":{"name":"(anonymous_50)","decl":{"start":{"line":568,"column":67},"end":{"line":568,"column":68}},"loc":{"start":{"line":568,"column":74},"end":{"line":568,"column":141}},"line":568},"51":{"name":"(anonymous_51)","decl":{"start":{"line":571,"column":21},"end":{"line":571,"column":22}},"loc":{"start":{"line":571,"column":30},"end":{"line":574,"column":15}},"line":571},"52":{"name":"(anonymous_52)","decl":{"start":{"line":580,"column":16},"end":{"line":580,"column":17}},"loc":{"start":{"line":580,"column":22},"end":{"line":583,"column":11}},"line":580},"53":{"name":"(anonymous_53)","decl":{"start":{"line":584,"column":17},"end":{"line":584,"column":18}},"loc":{"start":{"line":584,"column":28},"end":{"line":586,"column":11}},"line":584},"54":{"name":"createModal","decl":{"start":{"line":591,"column":9},"end":{"line":591,"column":20}},"loc":{"start":{"line":591,"column":23},"end":{"line":713,"column":1}},"line":591},"55":{"name":"(anonymous_55)","decl":{"start":{"line":652,"column":17},"end":{"line":652,"column":18}},"loc":{"start":{"line":652,"column":26},"end":{"line":657,"column":3}},"line":652},"56":{"name":"(anonymous_56)","decl":{"start":{"line":695,"column":35},"end":{"line":695,"column":36}},"loc":{"start":{"line":695,"column":51},"end":{"line":699,"column":3}},"line":695},"57":{"name":"(anonymous_57)","decl":{"start":{"line":701,"column":34},"end":{"line":701,"column":35}},"loc":{"start":{"line":701,"column":50},"end":{"line":712,"column":3}},"line":701},"58":{"name":"validateInput","decl":{"start":{"line":716,"column":9},"end":{"line":716,"column":22}},"loc":{"start":{"line":716,"column":35},"end":{"line":724,"column":1}},"line":716}},"branchMap":{"0":{"loc":{"start":{"line":80,"column":4},"end":{"line":82,"column":5}},"type":"if","locations":[{"start":{"line":80,"column":4},"end":{"line":82,"column":5}},{"start":{"line":80,"column":4},"end":{"line":82,"column":5}}],"line":80},"1":{"loc":{"start":{"line":121,"column":4},"end":{"line":134,"column":5}},"type":"if","locations":[{"start":{"line":121,"column":4},"end":{"line":134,"column":5}},{"start":{"line":121,"column":4},"end":{"line":134,"column":5}}],"line":121},"2":{"loc":{"start":{"line":121,"column":8},"end":{"line":121,"column":81}},"type":"binary-expr","locations":[{"start":{"line":121,"column":8},"end":{"line":121,"column":42}},{"start":{"line":121,"column":46},"end":{"line":121,"column":81}}],"line":121},"3":{"loc":{"start":{"line":125,"column":9},"end":{"line":134,"column":5}},"type":"if","locations":[{"start":{"line":125,"column":9},"end":{"line":134,"column":5}},{"start":{"line":125,"column":9},"end":{"line":134,"column":5}}],"line":125},"4":{"loc":{"start":{"line":125,"column":13},"end":{"line":125,"column":85}},"type":"binary-expr","locations":[{"start":{"line":125,"column":13},"end":{"line":125,"column":47}},{"start":{"line":125,"column":51},"end":{"line":125,"column":85}}],"line":125},"5":{"loc":{"start":{"line":143,"column":4},"end":{"line":154,"column":5}},"type":"if","locations":[{"start":{"line":143,"column":4},"end":{"line":154,"column":5}},{"start":{"line":143,"column":4},"end":{"line":154,"column":5}}],"line":143},"6":{"loc":{"start":{"line":172,"column":21},"end":{"line":172,"column":56}},"type":"cond-expr","locations":[{"start":{"line":172,"column":40},"end":{"line":172,"column":47}},{"start":{"line":172,"column":50},"end":{"line":172,"column":56}}],"line":172},"7":{"loc":{"start":{"line":206,"column":2},"end":{"line":212,"column":3}},"type":"if","locations":[{"start":{"line":206,"column":2},"end":{"line":212,"column":3}},{"start":{"line":206,"column":2},"end":{"line":212,"column":3}}],"line":206},"8":{"loc":{"start":{"line":303,"column":4},"end":{"line":308,"column":3}},"type":"if","locations":[{"start":{"line":303,"column":4},"end":{"line":308,"column":3}},{"start":{"line":303,"column":4},"end":{"line":308,"column":3}}],"line":303},"9":{"loc":{"start":{"line":314,"column":4},"end":{"line":326,"column":5}},"type":"if","locations":[{"start":{"line":314,"column":4},"end":{"line":326,"column":5}},{"start":{"line":314,"column":4},"end":{"line":326,"column":5}}],"line":314},"10":{"loc":{"start":{"line":356,"column":4},"end":{"line":358,"column":5}},"type":"if","locations":[{"start":{"line":356,"column":4},"end":{"line":358,"column":5}},{"start":{"line":356,"column":4},"end":{"line":358,"column":5}}],"line":356},"11":{"loc":{"start":{"line":370,"column":4},"end":{"line":377,"column":5}},"type":"if","locations":[{"start":{"line":370,"column":4},"end":{"line":377,"column":5}},{"start":{"line":370,"column":4},"end":{"line":377,"column":5}}],"line":370},"12":{"loc":{"start":{"line":370,"column":7},"end":{"line":370,"column":76}},"type":"binary-expr","locations":[{"start":{"line":370,"column":7},"end":{"line":370,"column":43}},{"start":{"line":370,"column":47},"end":{"line":370,"column":76}}],"line":370},"13":{"loc":{"start":{"line":373,"column":6},"end":{"line":376,"column":7}},"type":"if","locations":[{"start":{"line":373,"column":6},"end":{"line":376,"column":7}},{"start":{"line":373,"column":6},"end":{"line":376,"column":7}}],"line":373},"14":{"loc":{"start":{"line":379,"column":4},"end":{"line":382,"column":5}},"type":"if","locations":[{"start":{"line":379,"column":4},"end":{"line":382,"column":5}},{"start":{"line":379,"column":4},"end":{"line":382,"column":5}}],"line":379},"15":{"loc":{"start":{"line":431,"column":6},"end":{"line":435,"column":5}},"type":"if","locations":[{"start":{"line":431,"column":6},"end":{"line":435,"column":5}},{"start":{"line":431,"column":6},"end":{"line":435,"column":5}}],"line":431},"16":{"loc":{"start":{"line":459,"column":2},"end":{"line":468,"column":3}},"type":"if","locations":[{"start":{"line":459,"column":2},"end":{"line":468,"column":3}},{"start":{"line":459,"column":2},"end":{"line":468,"column":3}}],"line":459},"17":{"loc":{"start":{"line":464,"column":4},"end":{"line":467,"column":7}},"type":"if","locations":[{"start":{"line":464,"column":4},"end":{"line":467,"column":7}},{"start":{"line":464,"column":4},"end":{"line":467,"column":7}}],"line":464},"18":{"loc":{"start":{"line":484,"column":4},"end":{"line":488,"column":5}},"type":"if","locations":[{"start":{"line":484,"column":4},"end":{"line":488,"column":5}},{"start":{"line":484,"column":4},"end":{"line":488,"column":5}}],"line":484},"19":{"loc":{"start":{"line":492,"column":4},"end":{"line":496,"column":5}},"type":"if","locations":[{"start":{"line":492,"column":4},"end":{"line":496,"column":5}},{"start":{"line":492,"column":4},"end":{"line":496,"column":5}}],"line":492},"20":{"loc":{"start":{"line":503,"column":2},"end":{"line":512,"column":3}},"type":"if","locations":[{"start":{"line":503,"column":2},"end":{"line":512,"column":3}},{"start":{"line":503,"column":2},"end":{"line":512,"column":3}}],"line":503},"21":{"loc":{"start":{"line":510,"column":8},"end":{"line":510,"column":92}},"type":"binary-expr","locations":[{"start":{"line":510,"column":8},"end":{"line":510,"column":66}},{"start":{"line":510,"column":70},"end":{"line":510,"column":92}}],"line":510},"22":{"loc":{"start":{"line":558,"column":18},"end":{"line":560,"column":19}},"type":"if","locations":[{"start":{"line":558,"column":18},"end":{"line":560,"column":19}},{"start":{"line":558,"column":18},"end":{"line":560,"column":19}}],"line":558},"23":{"loc":{"start":{"line":568,"column":74},"end":{"line":568,"column":141}},"type":"binary-expr","locations":[{"start":{"line":568,"column":74},"end":{"line":568,"column":103}},{"start":{"line":568,"column":107},"end":{"line":568,"column":127}},{"start":{"line":568,"column":131},"end":{"line":568,"column":141}}],"line":568},"24":{"loc":{"start":{"line":696,"column":4},"end":{"line":698,"column":5}},"type":"if","locations":[{"start":{"line":696,"column":4},"end":{"line":698,"column":5}},{"start":{"line":696,"column":4},"end":{"line":698,"column":5}}],"line":696},"25":{"loc":{"start":{"line":703,"column":4},"end":{"line":711,"column":5}},"type":"if","locations":[{"start":{"line":703,"column":4},"end":{"line":711,"column":5}},{"start":{"line":703,"column":4},"end":{"line":711,"column":5}}],"line":703},"26":{"loc":{"start":{"line":719,"column":2},"end":{"line":723,"column":3}},"type":"if","locations":[{"start":{"line":719,"column":2},"end":{"line":723,"column":3}},{"start":{"line":719,"column":2},"end":{"line":723,"column":3}}],"line":719}},"s":{"0":1,"1":1,"2":1,"3":1,"4":1,"5":1,"6":1,"7":1,"8":1,"9":1,"10":1,"11":1,"12":1,"13":1,"14":1,"15":1,"16":0,"17":0,"18":0,"19":0,"20":0,"21":0,"22":0,"23":0,"24":0,"25":0,"26":0,"27":0,"28":0,"29":0,"30":0,"31":0,"32":0,"33":0,"34":0,"35":1,"36":0,"37":0,"38":0,"39":0,"40":0,"41":0,"42":0,"43":0,"44":0,"45":0,"46":0,"47":0,"48":0,"49":0,"50":0,"51":0,"52":0,"53":0,"54":0,"55":0,"56":0,"57":0,"58":0,"59":0,"60":0,"61":0,"62":0,"63":0,"64":0,"65":0,"66":0,"67":0,"68":0,"69":0,"70":0,"71":0,"72":0,"73":0,"74":0,"75":0,"76":0,"77":0,"78":0,"79":0,"80":0,"81":0,"82":0,"83":0,"84":0,"85":0,"86":0,"87":0,"88":0,"89":0,"90":0,"91":0,"92":0,"93":0,"94":0,"95":0,"96":0,"97":0,"98":0,"99":0,"100":0,"101":0,"102":0,"103":0,"104":0,"105":0,"106":0,"107":0,"108":0,"109":0,"110":0,"111":0,"112":0,"113":0,"114":0,"115":0,"116":0,"117":0,"118":0,"119":0,"120":0,"121":0,"122":0,"123":0,"124":0,"125":0,"126":0,"127":0,"128":0,"129":0,"130":0,"131":0,"132":0,"133":0,"134":0,"135":0,"136":0,"137":0,"138":0,"139":0,"140":0,"141":0,"142":0,"143":0,"144":0,"145":0,"146":0,"147":0,"148":0,"149":0,"150":0,"151":0,"152":0,"153":0,"154":0,"155":0,"156":0,"157":0,"158":0,"159":0,"160":0,"161":0,"162":0,"163":0,"164":0,"165":0,"166":0,"167":0,"168":0,"169":0,"170":0,"171":0,"172":0,"173":0,"174":0,"175":0,"176":0,"177":0,"178":0,"179":0,"180":0,"181":0,"182":0,"183":0,"184":0,"185":0,"186":0,"187":0,"188":0,"189":0,"190":0,"191":0,"192":0,"193":0,"194":0,"195":0,"196":0,"197":0,"198":0,"199":0,"200":0,"201":0,"202":0,"203":0,"204":0,"205":0,"206":0,"207":0,"208":0,"209":0,"210":0,"211":0,"212":0,"213":0,"214":1,"215":1,"216":1,"217":1,"218":1,"219":1,"220":0,"221":0,"222":0,"223":0,"224":0,"225":0,"226":0,"227":0,"228":0,"229":0,"230":0,"231":0,"232":0,"233":0,"234":0,"235":0,"236":0,"237":0,"238":0,"239":0,"240":0,"241":0,"242":0,"243":0,"244":0,"245":0,"246":0,"247":0,"248":0,"249":0,"250":0,"251":0,"252":0,"253":0,"254":0,"255":0,"256":0,"257":0,"258":0,"259":0,"260":0,"261":0,"262":0,"263":0,"264":0,"265":0,"266":1,"267":0,"268":0,"269":0,"270":0,"271":0,"272":0,"273":0,"274":0,"275":0,"276":0,"277":0,"278":0,"279":0,"280":0,"281":0,"282":0,"283":0,"284":0,"285":0,"286":0,"287":0,"288":0,"289":0,"290":0,"291":0,"292":0,"293":0,"294":0,"295":0,"296":0,"297":0,"298":0,"299":0,"300":0,"301":0,"302":0,"303":0,"304":0,"305":0,"306":0,"307":0,"308":0,"309":0,"310":0,"311":0,"312":0,"313":0,"314":0,"315":0,"316":0,"317":0,"318":0,"319":0,"320":0,"321":0,"322":0,"323":0,"324":0,"325":0,"326":0,"327":0,"328":0,"329":0,"330":0,"331":0,"332":0,"333":0,"334":0,"335":0,"336":0,"337":0,"338":0,"339":0,"340":0,"341":0,"342":0,"343":0,"344":0,"345":0,"346":0,"347":0,"348":0,"349":0,"350":0,"351":0,"352":0,"353":0,"354":0,"355":0,"356":0,"357":0,"358":0,"359":0,"360":0,"361":0,"362":0,"363":0,"364":0,"365":1},"f":{"0":0,"1":0,"2":0,"3":0,"4":0,"5":0,"6":0,"7":0,"8":0,"9":0,"10":0,"11":0,"12":0,"13":0,"14":0,"15":0,"16":0,"17":0,"18":0,"19":0,"20":0,"21":0,"22":0,"23":0,"24":0,"25":0,"26":0,"27":0,"28":0,"29":0,"30":0,"31":0,"32":0,"33":0,"34":0,"35":0,"36":0,"37":0,"38":0,"39":0,"40":0,"41":0,"42":0,"43":0,"44":0,"45":0,"46":0,"47":0,"48":0,"49":0,"50":0,"51":0,"52":0,"53":0,"54":0,"55":0,"56":0,"57":0,"58":0},"b":{"0":[0,0],"1":[0,0],"2":[0,0],"3":[0,0],"4":[0,0],"5":[0,0],"6":[0,0],"7":[0,0],"8":[0,0],"9":[0,0],"10":[0,0],"11":[0,0],"12":[0,0],"13":[0,0],"14":[0,0],"15":[0,0],"16":[0,0],"17":[0,0],"18":[0,0],"19":[0,0],"20":[0,0],"21":[0,0],"22":[0,0],"23":[0,0,0],"24":[0,0],"25":[0,0],"26":[0,0]},"_coverageSchema":"1a1c01bbd47fc00a2c39e90264f33305004495a9","hash":"76397b3ec734a5cb6a5a71f857975036ae77541f"}
}
