TN:
SF:express/index.js
FN:48,run
FN:52,(anonymous_1)
FN:55,(anonymous_2)
FN:67,(anonymous_3)
FN:71,(anonymous_4)
FN:79,(anonymous_5)
FN:87,resetChecklist
FN:92,viewHomePage
FN:97,setMenuItemsOnClickEvents
FN:98,(anonymous_9)
FN:99,(anonymous_10)
FN:108,showMenu
FN:113,createXMLHttpRequest
FN:120,(anonymous_13)
FN:141,readIndexMenu
FN:149,setVisibleSection
FN:150,(anonymous_16)
FN:162,createListFromTextFile
FN:174,createListItem
FN:195,ifImage
FN:204,(anonymous_20)
FN:210,ifNoImage
FN:230,hideElementAndChildren
FN:240,showElementAndChildren
FN:257,setListItemOnClicks
FN:259,(anonymous_25)
FN:269,(anonymous_26)
FN:289,showChecklist
FN:300,createMenuList
FN:348,(anonymous_29)
FN:355,getChecklistFromInternalLink
FN:369,replaceInternalLinks
FN:380,setOnClickForATags
FN:388,(anonymous_33)
FN:390,(anonymous_34)
FN:406,(anonymous_35)
FN:429,addToHistory
FN:441,navigateBackward
FN:449,navigateForward
FN:459,updateList
FN:462,(anonymous_40)
FN:467,(anonymous_41)
FN:475,(anonymous_42)
FN:480,(anonymous_43)
FN:492,resetSearchList
FN:505,getAllChecklists
FN:506,(anonymous_46)
FN:515,(anonymous_47)
FN:521,(anonymous_48)
FN:526,(anonymous_49)
FN:529,(anonymous_50)
FN:538,(anonymous_51)
FN:542,(anonymous_52)
FN:549,createModal
FN:609,(anonymous_54)
FN:637,(anonymous_55)
FN:643,(anonymous_56)
FN:658,validateInput
FNF:58
FNH:0
FNDA:0,run
FNDA:0,(anonymous_1)
FNDA:0,(anonymous_2)
FNDA:0,(anonymous_3)
FNDA:0,(anonymous_4)
FNDA:0,(anonymous_5)
FNDA:0,resetChecklist
FNDA:0,viewHomePage
FNDA:0,setMenuItemsOnClickEvents
FNDA:0,(anonymous_9)
FNDA:0,(anonymous_10)
FNDA:0,showMenu
FNDA:0,createXMLHttpRequest
FNDA:0,(anonymous_13)
FNDA:0,readIndexMenu
FNDA:0,setVisibleSection
FNDA:0,(anonymous_16)
FNDA:0,createListFromTextFile
FNDA:0,createListItem
FNDA:0,ifImage
FNDA:0,(anonymous_20)
FNDA:0,ifNoImage
FNDA:0,hideElementAndChildren
FNDA:0,showElementAndChildren
FNDA:0,setListItemOnClicks
FNDA:0,(anonymous_25)
FNDA:0,(anonymous_26)
FNDA:0,showChecklist
FNDA:0,createMenuList
FNDA:0,(anonymous_29)
FNDA:0,getChecklistFromInternalLink
FNDA:0,replaceInternalLinks
FNDA:0,setOnClickForATags
FNDA:0,(anonymous_33)
FNDA:0,(anonymous_34)
FNDA:0,(anonymous_35)
FNDA:0,addToHistory
FNDA:0,navigateBackward
FNDA:0,navigateForward
FNDA:0,updateList
FNDA:0,(anonymous_40)
FNDA:0,(anonymous_41)
FNDA:0,(anonymous_42)
FNDA:0,(anonymous_43)
FNDA:0,resetSearchList
FNDA:0,getAllChecklists
FNDA:0,(anonymous_46)
FNDA:0,(anonymous_47)
FNDA:0,(anonymous_48)
FNDA:0,(anonymous_49)
FNDA:0,(anonymous_50)
FNDA:0,(anonymous_51)
FNDA:0,(anonymous_52)
FNDA:0,createModal
FNDA:0,(anonymous_54)
FNDA:0,(anonymous_55)
FNDA:0,(anonymous_56)
FNDA:0,validateInput
DA:5,1
DA:6,1
DA:7,1
DA:18,1
DA:25,1
DA:27,1
DA:28,1
DA:29,1
DA:30,1
DA:31,1
DA:32,1
DA:34,1
DA:35,1
DA:36,1
DA:38,1
DA:39,1
DA:51,0
DA:53,0
DA:56,0
DA:61,0
DA:62,0
DA:63,0
DA:64,0
DA:65,0
DA:67,0
DA:68,0
DA:69,0
DA:71,0
DA:72,0
DA:73,0
DA:78,0
DA:79,0
DA:80,0
DA:81,0
DA:85,1
DA:88,0
DA:89,0
DA:93,0
DA:94,0
DA:98,0
DA:99,0
DA:100,0
DA:101,0
DA:109,0
DA:110,0
DA:115,0
DA:116,0
DA:117,0
DA:119,0
DA:120,0
DA:121,0
DA:122,0
DA:124,0
DA:130,0
DA:131,0
DA:135,0
DA:136,0
DA:142,0
DA:144,0
DA:145,0
DA:150,0
DA:151,0
DA:152,0
DA:163,0
DA:164,0
DA:175,0
DA:177,0
DA:178,0
DA:180,0
DA:181,0
DA:183,0
DA:185,0
DA:186,0
DA:189,0
DA:191,0
DA:196,0
DA:197,0
DA:198,0
DA:199,0
DA:200,0
DA:201,0
DA:202,0
DA:203,0
DA:204,0
DA:205,0
DA:211,0
DA:212,0
DA:213,0
DA:214,0
DA:216,0
DA:217,0
DA:218,0
DA:219,0
DA:220,0
DA:221,0
DA:222,0
DA:223,0
DA:225,0
DA:226,0
DA:231,0
DA:234,0
DA:235,0
DA:236,0
DA:241,0
DA:244,0
DA:245,0
DA:246,0
DA:259,0
DA:260,0
DA:261,0
DA:262,0
DA:264,0
DA:265,0
DA:269,0
DA:270,0
DA:271,0
DA:272,0
DA:273,0
DA:274,0
DA:275,0
DA:276,0
DA:277,0
DA:278,0
DA:279,0
DA:281,0
DA:283,0
DA:290,0
DA:291,0
DA:292,0
DA:301,0
DA:302,0
DA:304,0
DA:306,0
DA:307,0
DA:308,0
DA:310,0
DA:311,0
DA:313,0
DA:314,0
DA:315,0
DA:317,0
DA:318,0
DA:319,0
DA:320,0
DA:322,0
DA:323,0
DA:324,0
DA:325,0
DA:326,0
DA:328,0
DA:329,0
DA:330,0
DA:331,0
DA:332,0
DA:333,0
DA:337,0
DA:338,0
DA:339,0
DA:341,0
DA:344,0
DA:345,0
DA:347,0
DA:348,0
DA:349,0
DA:350,0
DA:357,0
DA:358,0
DA:359,0
DA:360,0
DA:361,0
DA:362,0
DA:363,0
DA:364,0
DA:365,0
DA:366,0
DA:371,0
DA:375,0
DA:377,0
DA:382,0
DA:385,0
DA:388,0
DA:389,0
DA:390,0
DA:391,0
DA:392,0
DA:400,1
DA:401,1
DA:402,1
DA:403,1
DA:404,1
DA:406,1
DA:407,0
DA:408,0
DA:417,0
DA:418,0
DA:419,0
DA:420,0
DA:421,0
DA:422,0
DA:423,0
DA:424,0
DA:430,0
DA:432,0
DA:433,0
DA:435,0
DA:436,0
DA:437,0
DA:442,0
DA:443,0
DA:444,0
DA:445,0
DA:450,0
DA:451,0
DA:452,0
DA:453,0
DA:460,0
DA:461,0
DA:462,0
DA:463,0
DA:467,0
DA:468,0
DA:471,0
DA:472,0
DA:473,0
DA:475,0
DA:476,0
DA:477,0
DA:478,0
DA:479,0
DA:480,0
DA:481,0
DA:482,0
DA:488,0
DA:493,0
DA:494,0
DA:495,0
DA:496,0
DA:503,1
DA:506,0
DA:507,0
DA:508,0
DA:510,0
DA:511,0
DA:514,0
DA:516,0
DA:517,0
DA:519,0
DA:525,0
DA:526,0
DA:527,0
DA:530,0
DA:531,0
DA:534,0
DA:537,0
DA:539,0
DA:540,0
DA:543,0
DA:551,0
DA:552,0
DA:553,0
DA:556,0
DA:557,0
DA:558,0
DA:561,0
DA:562,0
DA:563,0
DA:564,0
DA:567,0
DA:568,0
DA:569,0
DA:572,0
DA:573,0
DA:574,0
DA:576,0
DA:577,0
DA:578,0
DA:579,0
DA:581,0
DA:582,0
DA:583,0
DA:584,0
DA:585,0
DA:586,0
DA:589,0
DA:590,0
DA:591,0
DA:593,0
DA:594,0
DA:596,0
DA:597,0
DA:598,0
DA:599,0
DA:601,0
DA:602,0
DA:603,0
DA:604,0
DA:607,0
DA:609,0
DA:610,0
DA:611,0
DA:612,0
DA:613,0
DA:616,0
DA:617,0
DA:619,0
DA:620,0
DA:621,0
DA:622,0
DA:623,0
DA:637,0
DA:638,0
DA:639,0
DA:643,0
DA:644,0
DA:645,0
DA:646,0
DA:649,0
DA:650,0
DA:651,0
DA:652,0
DA:659,0
DA:661,0
DA:662,0
DA:664,0
DA:673,1
LF:325
LH:25
BRDA:80,0,0,0
BRDA:80,0,1,0
BRDA:121,1,0,0
BRDA:121,1,1,0
BRDA:121,2,0,0
BRDA:121,2,1,0
BRDA:124,3,0,0
BRDA:124,3,1,0
BRDA:124,4,0,0
BRDA:124,4,1,0
BRDA:151,5,0,0
BRDA:151,5,1,0
BRDA:185,6,0,0
BRDA:185,6,1,0
BRDA:261,7,0,0
BRDA:261,7,1,0
BRDA:272,8,0,0
BRDA:272,8,1,0
BRDA:314,9,0,0
BRDA:314,9,1,0
BRDA:328,10,0,0
BRDA:328,10,1,0
BRDA:328,11,0,0
BRDA:328,11,1,0
BRDA:331,12,0,0
BRDA:331,12,1,0
BRDA:337,13,0,0
BRDA:337,13,1,0
BRDA:389,14,0,0
BRDA:389,14,1,0
BRDA:417,15,0,0
BRDA:417,15,1,0
BRDA:422,16,0,0
BRDA:422,16,1,0
BRDA:442,17,0,0
BRDA:442,17,1,0
BRDA:450,18,0,0
BRDA:450,18,1,0
BRDA:461,19,0,0
BRDA:461,19,1,0
BRDA:468,20,0,0
BRDA:468,20,1,0
BRDA:516,21,0,0
BRDA:516,21,1,0
BRDA:526,22,0,0
BRDA:526,22,1,0
BRDA:526,22,2,0
BRDA:638,23,0,0
BRDA:638,23,1,0
BRDA:645,24,0,0
BRDA:645,24,1,0
BRDA:661,25,0,0
BRDA:661,25,1,0
BRF:53
BRH:0
end_of_record
