TN:
SF:express/index.js
FN:48,run
FN:51,(anonymous_1)
FN:54,(anonymous_2)
FN:66,(anonymous_3)
FN:70,(anonymous_4)
FN:78,(anonymous_5)
FN:86,resetChecklist
FN:91,viewHomePage
FN:96,setMenuItemsOnClickEvents
FN:97,(anonymous_9)
FN:98,(anonymous_10)
FN:107,showMenu
FN:112,createXMLHttpRequest
FN:119,(anonymous_13)
FN:140,readIndexMenu
FN:148,setVisibleSection
FN:149,(anonymous_16)
FN:161,createListFromTextFile
FN:173,createListItem
FN:194,ifImage
FN:205,ifNoImage
FN:225,hideElementAndChildren
FN:235,showElementAndChildren
FN:252,setListItemOnClicks
FN:253,(anonymous_24)
FN:258,(anonymous_25)
FN:277,showChecklist
FN:288,createMenuList
FN:330,(anonymous_28)
FN:337,getChecklistFromInternalLink
FN:348,replaceInternalLinks
FN:359,setOnClickForATags
FN:367,(anonymous_32)
FN:369,(anonymous_33)
FN:384,(anonymous_34)
FN:406,addToHistory
FN:418,navigateBackward
FN:426,navigateForward
FN:436,updateList
FN:439,(anonymous_39)
FN:444,(anonymous_40)
FN:452,(anonymous_41)
FN:457,(anonymous_42)
FN:475,getAllChecklists
FN:476,(anonymous_44)
FN:485,(anonymous_45)
FN:491,(anonymous_46)
FN:496,(anonymous_47)
FN:499,(anonymous_48)
FN:508,(anonymous_49)
FN:512,(anonymous_50)
FNF:51
FNH:0
FNDA:0,run
FNDA:0,(anonymous_1)
FNDA:0,(anonymous_2)
FNDA:0,(anonymous_3)
FNDA:0,(anonymous_4)
FNDA:0,(anonymous_5)
FNDA:0,resetChecklist
FNDA:0,viewHomePage
FNDA:0,setMenuItemsOnClickEvents
FNDA:0,(anonymous_9)
FNDA:0,(anonymous_10)
FNDA:0,showMenu
FNDA:0,createXMLHttpRequest
FNDA:0,(anonymous_13)
FNDA:0,readIndexMenu
FNDA:0,setVisibleSection
FNDA:0,(anonymous_16)
FNDA:0,createListFromTextFile
FNDA:0,createListItem
FNDA:0,ifImage
FNDA:0,ifNoImage
FNDA:0,hideElementAndChildren
FNDA:0,showElementAndChildren
FNDA:0,setListItemOnClicks
FNDA:0,(anonymous_24)
FNDA:0,(anonymous_25)
FNDA:0,showChecklist
FNDA:0,createMenuList
FNDA:0,(anonymous_28)
FNDA:0,getChecklistFromInternalLink
FNDA:0,replaceInternalLinks
FNDA:0,setOnClickForATags
FNDA:0,(anonymous_32)
FNDA:0,(anonymous_33)
FNDA:0,(anonymous_34)
FNDA:0,addToHistory
FNDA:0,navigateBackward
FNDA:0,navigateForward
FNDA:0,updateList
FNDA:0,(anonymous_39)
FNDA:0,(anonymous_40)
FNDA:0,(anonymous_41)
FNDA:0,(anonymous_42)
FNDA:0,getAllChecklists
FNDA:0,(anonymous_44)
FNDA:0,(anonymous_45)
FNDA:0,(anonymous_46)
FNDA:0,(anonymous_47)
FNDA:0,(anonymous_48)
FNDA:0,(anonymous_49)
FNDA:0,(anonymous_50)
DA:5,1
DA:6,1
DA:7,1
DA:18,1
DA:25,1
DA:27,1
DA:28,1
DA:29,1
DA:30,1
DA:31,1
DA:32,1
DA:34,1
DA:35,1
DA:36,1
DA:38,1
DA:39,1
DA:50,0
DA:52,0
DA:55,0
DA:60,0
DA:61,0
DA:62,0
DA:63,0
DA:64,0
DA:66,0
DA:67,0
DA:68,0
DA:70,0
DA:71,0
DA:72,0
DA:77,0
DA:78,0
DA:79,0
DA:80,0
DA:84,1
DA:87,0
DA:88,0
DA:92,0
DA:93,0
DA:97,0
DA:98,0
DA:99,0
DA:100,0
DA:108,0
DA:109,0
DA:114,0
DA:115,0
DA:116,0
DA:118,0
DA:119,0
DA:120,0
DA:121,0
DA:123,0
DA:129,0
DA:130,0
DA:134,0
DA:135,0
DA:141,0
DA:143,0
DA:144,0
DA:149,0
DA:150,0
DA:151,0
DA:162,0
DA:163,0
DA:174,0
DA:176,0
DA:177,0
DA:179,0
DA:180,0
DA:182,0
DA:184,0
DA:185,0
DA:188,0
DA:190,0
DA:195,0
DA:196,0
DA:197,0
DA:198,0
DA:199,0
DA:200,0
DA:201,0
DA:206,0
DA:207,0
DA:208,0
DA:209,0
DA:211,0
DA:212,0
DA:213,0
DA:214,0
DA:215,0
DA:216,0
DA:217,0
DA:218,0
DA:220,0
DA:221,0
DA:226,0
DA:229,0
DA:230,0
DA:231,0
DA:236,0
DA:239,0
DA:240,0
DA:241,0
DA:253,0
DA:254,0
DA:255,0
DA:256,0
DA:258,0
DA:259,0
DA:260,0
DA:261,0
DA:262,0
DA:263,0
DA:264,0
DA:265,0
DA:266,0
DA:267,0
DA:269,0
DA:271,0
DA:278,0
DA:279,0
DA:280,0
DA:289,0
DA:291,0
DA:293,0
DA:294,0
DA:295,0
DA:297,0
DA:298,0
DA:300,0
DA:301,0
DA:302,0
DA:303,0
DA:304,0
DA:306,0
DA:307,0
DA:308,0
DA:309,0
DA:310,0
DA:311,0
DA:312,0
DA:313,0
DA:314,0
DA:315,0
DA:319,0
DA:320,0
DA:321,0
DA:323,0
DA:326,0
DA:327,0
DA:329,0
DA:330,0
DA:331,0
DA:332,0
DA:338,0
DA:339,0
DA:340,0
DA:341,0
DA:342,0
DA:343,0
DA:344,0
DA:345,0
DA:350,0
DA:354,0
DA:356,0
DA:361,0
DA:364,0
DA:367,0
DA:368,0
DA:369,0
DA:377,1
DA:378,1
DA:379,1
DA:381,1
DA:382,1
DA:384,1
DA:385,0
DA:394,0
DA:395,0
DA:396,0
DA:397,0
DA:398,0
DA:399,0
DA:400,0
DA:401,0
DA:407,0
DA:409,0
DA:410,0
DA:412,0
DA:413,0
DA:414,0
DA:419,0
DA:420,0
DA:421,0
DA:422,0
DA:427,0
DA:428,0
DA:429,0
DA:430,0
DA:437,0
DA:438,0
DA:439,0
DA:440,0
DA:444,0
DA:445,0
DA:448,0
DA:449,0
DA:450,0
DA:452,0
DA:453,0
DA:454,0
DA:455,0
DA:456,0
DA:457,0
DA:458,0
DA:459,0
DA:465,0
DA:473,1
DA:476,0
DA:477,0
DA:478,0
DA:480,0
DA:481,0
DA:484,0
DA:486,0
DA:487,0
DA:489,0
DA:495,0
DA:496,0
DA:497,0
DA:500,0
DA:501,0
DA:504,0
DA:507,0
DA:509,0
DA:510,0
DA:513,0
DA:523,1
LF:239
LH:25
BRDA:79,0,0,0
BRDA:79,0,1,0
BRDA:120,1,0,0
BRDA:120,1,1,0
BRDA:120,2,0,0
BRDA:120,2,1,0
BRDA:123,3,0,0
BRDA:123,3,1,0
BRDA:123,4,0,0
BRDA:123,4,1,0
BRDA:150,5,0,0
BRDA:150,5,1,0
BRDA:184,6,0,0
BRDA:184,6,1,0
BRDA:260,7,0,0
BRDA:260,7,1,0
BRDA:311,8,0,0
BRDA:311,8,1,0
BRDA:311,9,0,0
BRDA:311,9,1,0
BRDA:313,10,0,0
BRDA:313,10,1,0
BRDA:319,11,0,0
BRDA:319,11,1,0
BRDA:368,12,0,0
BRDA:368,12,1,0
BRDA:394,13,0,0
BRDA:394,13,1,0
BRDA:399,14,0,0
BRDA:399,14,1,0
BRDA:419,15,0,0
BRDA:419,15,1,0
BRDA:427,16,0,0
BRDA:427,16,1,0
BRDA:438,17,0,0
BRDA:438,17,1,0
BRDA:445,18,0,0
BRDA:445,18,1,0
BRDA:486,19,0,0
BRDA:486,19,1,0
BRDA:496,20,0,0
BRDA:496,20,1,0
BRDA:496,20,2,0
BRF:43
BRH:0
end_of_record
